#
# A fatal error has been detected by the Java Runtime Environment:
#
#  EXCEPTION_ACCESS_VIOLATION (0xc0000005) at pc=0x0000027a43939384, pid=12136, tid=13100
#
# JRE version: OpenJDK Runtime Environment Temurin-21+35-202309042131 (21.0+35) (build 21-beta+35-ea)
# Java VM: OpenJDK 64-Bit Server VM Temurin-21+35-202309042131 (21-beta+35-ea, mixed mode, emulated-client, sharing, tiered, compressed oops, compressed class ptrs, g1 gc, windows-amd64)
# Problematic frame:
# v  ~BufferBlob::MethodHandles adapters 0x0000027a43939384
#
# No core dump will be written. Minidumps are not enabled by default on client versions of Windows
#
# If you would like to submit a bug report, please visit:
#   https://github.com/adoptium/adoptium-support/issues
#

---------------  S U M M A R Y ------------

Command Line: -XX:+ShowCodeDetailsInExceptionMessages -agentlib:jdwp=transport=dt_socket,suspend=y,address=localhost:61560 -Dcom.sun.management.jmxremote -Dcom.sun.management.jmxremote.port=61559 -Dcom.sun.management.jmxremote.authenticate=false -Dcom.sun.management.jmxremote.ssl=false -Djava.rmi.server.hostname=localhost -Dspring.jmx.enabled=true -Dmanagement.endpoints.jmx.exposure.include=* -Dspring.application.admin.enabled=true -XX:TieredStopAtLevel=1 -Dspring.boot.project.name=reservation -javaagent:C:\pleiades\2023-09\eclipse\configuration\org.eclipse.osgi\252\0\.cp\lib\javaagent-shaded.jar -Dfile.encoding=UTF-8 -Dstdout.encoding=UTF-8 -Dstderr.encoding=UTF-8 org.example.reservation.ReservationApplication --spring.output.ansi.enabled=always

Host: Intel(R) Core(TM) i5-1035G1 CPU @ 1.00GHz, 8 cores, 7G,  Windows 11 , 64 bit Build 22621 (10.0.22621.3235)
Time: Fri Mar 22 14:39:29 2024  Windows 11 , 64 bit Build 22621 (10.0.22621.3235) elapsed time: 1045.946761 seconds (0d 0h 17m 25s)

---------------  T H R E A D  ---------------

Current thread (0x0000027a9598c4f0):  JavaThread "http-nio-8080-exec-2" daemon [_thread_in_Java, id=13100, stack(0x000000fb4d600000,0x000000fb4d700000) (1024K)]

Stack: [0x000000fb4d600000,0x000000fb4d700000],  sp=0x000000fb4d6f9ef8,  free space=999k
Native frames: (J=compiled Java code, j=interpreted, Vv=VM code, C=native code)
C  0x0000027a43939384

The last pc belongs to _linkToVirtual (printed below).

siginfo: EXCEPTION_ACCESS_VIOLATION (0xc0000005), reading address 0x0000028adc57843e


Registers:
RAX=0x0000027a438e958b, RBX=0x00000000897e9ae8, RCX=0x000000fb4d6f9f10, RDX=0x0000000000000004
RSP=0x000000fb4d6f9ef8, RBP=0x000000fb4d6f9f58, RSI=0x0000027a9252a998, RDI=0x0000027a92d3f2d0
R8 =0x0000000000000004, R9 =0x0000000000000004, R10=0x0000027adc578276, R11=0x0000000200000000
R12=0x0000000000000000, R13=0x000000fb4d6f9ef8, R14=0x000000fb4d6f9f88, R15=0x0000027a9598c4f0
RIP=0x0000027a43939384, EFLAGS=0x0000000000010202


Register to memory mapping:

RAX=0x0000027a438e958b is at code_begin+4363 in an Interpreter codelet
return entry points  [0x0000027a438e8480, 0x0000027a438ea298]  7704 bytes
RBX=0x00000000897e9ae8 is an oop: org.springframework.validation.support.BindingAwareModelMap 
{0x00000000897e9ae8} - klass: 'org/springframework/validation/support/BindingAwareModelMap'
 - ---- fields (total size 8 words):
 - transient 'keySet' 'Ljava/util/Set;' @12  null (0x00000000)
 - transient 'values' 'Ljava/util/Collection;' @16  null (0x00000000)
 - transient 'size' 'I' @20  2 (0x00000002)
 - transient 'modCount' 'I' @24  2 (0x00000002)
 - 'threshold' 'I' @28  3 (0x00000003)
 - final 'loadFactor' 'F' @32  0.750000 (0x3f400000)
 - transient 'table' '[Ljava/util/HashMap$Node;' @36  a 'java/util/HashMap$Node'[4] {0x0000000089638f30} (0x89638f30)
 - transient 'entrySet' 'Ljava/util/Set;' @40  null (0x00000000)
 - transient 'putMode' 'I' @44  0 (0x00000000)
 - final 'accessOrder' 'Z' @48  false (0x00)
 - transient 'head' 'Ljava/util/LinkedHashMap$Entry;' @52  a 'java/util/LinkedHashMap$Entry'{0x0000000089638f50} (0x89638f50)
 - transient 'tail' 'Ljava/util/LinkedHashMap$Entry;' @56  a 'java/util/LinkedHashMap$Entry'{0x0000000089638f78} (0x89638f78)
RCX=0x000000fb4d6f9f10 is pointing into the stack for thread: 0x0000027a9598c4f0
RDX=0x0000000000000004 is an unknown value
RSP=0x000000fb4d6f9ef8 is pointing into the stack for thread: 0x0000027a9598c4f0
RBP=0x000000fb4d6f9f58 is pointing into the stack for thread: 0x0000027a9598c4f0
RSI=0x0000027a9252a998 points into unknown readable memory: 0x88006c002cb9097f | 7f 09 b9 2c 00 6c 00 88
RDI=0x0000027a92d3f2d0 points into unknown readable memory: 0x0000002800000080 | 80 00 00 00 28 00 00 00
R8 =0x0000000000000004 is an unknown value
R9 =0x0000000000000004 is an unknown value
R10=0x0000027adc578276 is an unknown value
R11=0x0000000200000000 is an unknown value
R12=0x0 is null
R13=0x000000fb4d6f9ef8 is pointing into the stack for thread: 0x0000027a9598c4f0
R14=0x000000fb4d6f9f88 is pointing into the stack for thread: 0x0000027a9598c4f0
R15=0x0000027a9598c4f0 is a thread

Top of Stack: (sp=0x000000fb4d6f9ef8)
0x000000fb4d6f9ef8:   0000027a438e958b 00000000897eaed8
0x000000fb4d6f9f08:   0000000087aaaa58 000000fb4d6f9f10
0x000000fb4d6f9f18:   0000027a8f578276 0000000000000006
0x000000fb4d6f9f28:   0000027a8f5783c8 000000fb4d6f9ff8
0x000000fb4d6f9f38:   00000000844012f0 0000027a8f578288
0x000000fb4d6f9f48:   000000fb4d6f9ef8 000000fb4d6f9f90
0x000000fb4d6f9f58:   000000fb4d6f9ff8 0000027a438e958b
0x000000fb4d6f9f68:   0000000089639120 00000000897e9ae8
0x000000fb4d6f9f78:   00000000897eaed8 0000000087aaaa58
0x000000fb4d6f9f88:   00000000896392a0 00000000897e9ae8
0x000000fb4d6f9f98:   00000000897eaed8 0000000087aaaa58
0x000000fb4d6f9fa8:   00000000896392a0 000000fb4d6f9fb0
0x000000fb4d6f9fb8:   0000027a97ad6301 000000000000000c
0x000000fb4d6f9fc8:   0000027a97ad6450 0000000000000000
0x000000fb4d6f9fd8:   0000000089640748 0000027a97ad6310
0x000000fb4d6f9fe8:   000000fb4d6f9f90 000000fb4d6fa060
0x000000fb4d6f9ff8:   000000fb4d6fa318 0000027a4444564a
0x000000fb4d6fa008:   00000000896392a0 0000000087aaaa58
0x000000fb4d6fa018:   00000000896394a0 00000000897e9ae8
0x000000fb4d6fa028:   00000000896395a0 00000000897eaed8
0x000000fb4d6fa038:   000000008963cd60 00000000897e9ae8
0x000000fb4d6fa048:   00000000897eaed8 0000000087aaaa58
0x000000fb4d6fa058:   000000008963d420 6972707300000000
0x000000fb4d6fa068:   0000000087e9b7f0 00000000866078d8
0x000000fb4d6fa078:   0000000089640850 000000008963d420
0x000000fb4d6fa088:   6552656c00000001 00000000866078d8
0x000000fb4d6fa098:   00000000851d4be0 0000000087ed1710
0x000000fb4d6fa0a8:   0000000089637e90 000000fb4d6fa318
0x000000fb4d6fa0b8:   0000027a43ca4c6c 000000fb4d6fa050
0x000000fb4d6fa0c8:   0000027a44235764 000000fb4d6fa318
0x000000fb4d6fa0d8:   0000027a4474e66c 0000000000000000
0x000000fb4d6fa0e8:   0000000000000000 0000000000000000 

Instructions: (pc=0x0000027a43939384)
0x0000027a43939284:   00 00 00 00 01 00 00 00 00 00 00 00 60 b6 4b ce
0x0000027a43939294:   f8 7f 00 00 00 93 93 43 7a 02 00 00 80 a3 93 43
0x0000027a439392a4:   7a 02 00 00 00 93 93 43 7a 02 00 00 80 a3 93 43
0x0000027a439392b4:   7a 02 00 00 f0 92 93 43 7a 02 00 00 f0 92 93 43
0x0000027a439392c4:   7a 02 00 00 00 00 00 00 00 00 00 00 f8 b6 4b ce
0x0000027a439392d4:   f8 7f 00 00 f0 10 00 00 60 00 00 00 ff ff ff ff
0x0000027a439392e4:   f0 10 00 00 00 00 00 00 00 00 00 00 00 00 00 00
0x0000027a439392f4:   00 00 00 00 00 00 00 00 00 00 00 00 f4 66 66 66
0x0000027a43939304:   0f 1f 84 00 00 00 00 00 66 66 66 90 66 66 66 0f
0x0000027a43939314:   1f 84 00 00 00 00 00 66 66 66 90 90 48 8b 53 08
0x0000027a43939324:   0f b7 52 2e 48 8b 0c d4 8b 59 14 8b 5b 28 8b 5b
0x0000027a43939334:   24 48 8b 5b 10 48 85 db 0f 84 10 00 00 00 41 80
0x0000027a43939344:   bf e0 05 00 00 00 74 03 ff 63 38 ff 63 50 e9 a9
0x0000027a43939354:   f6 ff ff 66 0f 1f 84 00 00 00 00 00 48 8b 53 08
0x0000027a43939364:   0f b7 52 2e 48 8b 0c d4 58 5b 50 44 8b 51 08 49
0x0000027a43939374:   bb 00 00 00 4d 7a 02 00 00 4d 03 d3 4c 8b 5b 10
0x0000027a43939384:   4b 8b 9c da c8 01 00 00 48 85 db 0f 84 10 00 00
0x0000027a43939394:   00 41 80 bf e0 05 00 00 00 74 03 ff 63 38 ff 63
0x0000027a439393a4:   50 e9 56 f6 ff ff 66 66 66 0f 1f 84 00 00 00 00
0x0000027a439393b4:   00 66 66 66 90 0f 1f 80 00 00 00 00 58 5b 50 8b
0x0000027a439393c4:   5b 24 48 8b 5b 10 48 85 db 0f 84 10 00 00 00 41
0x0000027a439393d4:   80 bf e0 05 00 00 00 74 03 ff 63 38 ff 63 50 e9
0x0000027a439393e4:   18 f6 ff ff 66 66 66 0f 1f 84 00 00 00 00 00 66
0x0000027a439393f4:   66 66 90 66 0f 1f 84 00 00 00 00 00 48 8b 53 08
0x0000027a43939404:   0f b7 52 2e 48 8b 0c d4 58 5b 50 48 3b 01 8b 5b
0x0000027a43939414:   24 48 8b 5b 10 48 85 db 0f 84 10 00 00 00 41 80
0x0000027a43939424:   bf e0 05 00 00 00 74 03 ff 63 38 ff 63 50 e9 c9
0x0000027a43939434:   f5 ff ff 66 0f 1f 84 00 00 00 00 00 48 8b 53 08
0x0000027a43939444:   0f b7 52 2e 48 8b 0c d4 58 5b 50 44 8b 51 08 49
0x0000027a43939454:   bb 00 00 00 4d 7a 02 00 00 4d 03 d3 8b 43 18 48
0x0000027a43939464:   8b 40 10 48 8b 5b 10 45 8b 9a a0 00 00 00 4f 8d
0x0000027a43939474:   9c da c8 01 00 00 4d 8d 14 da 49 8b 1b 48 3b c3 


Stack slot to memory mapping:

stack at sp + 0 slots: 0x0000027a438e958b is at code_begin+4363 in an Interpreter codelet
return entry points  [0x0000027a438e8480, 0x0000027a438ea298]  7704 bytes
stack at sp + 1 slots: 0x00000000897eaed8 is an oop: org.example.reservation.form.ProductForm 
{0x00000000897eaed8} - klass: 'org/example/reservation/form/ProductForm'
 - ---- fields (total size 4 words):
 - private 'name' 'Ljava/lang/String;' @12  "ÏóÐü¬ü"{0x00000000897c9380} (0x897c9380)
 - private 'imgUrl' 'Ljava/lang/String;' @16  ""{0x0000000083b64760} (0x83b64760)
 - private 'price' 'Ljava/math/BigDecimal;' @20  a 'java/math/BigDecimal'{0x0000000089633e10} (0x89633e10)
 - private 'stock' 'Ljava/lang/Integer;' @24  a 'java/lang/Integer'{0x0000000083d8eb10} = 90 (0x83d8eb10)
stack at sp + 2 slots: 0x0000000087aaaa58 is an oop: org.example.reservation.controller.ManageController 
{0x0000000087aaaa58} - klass: 'org/example/reservation/controller/ManageController'
 - ---- fields (total size 4 words):
 - private 'productFormVisible' 'Z' @12  false (0x00)
 - private final 'productService' 'Lorg/example/reservation/service/spec/ProductService;' @16  a 'org/example/reservation/service/implement/ProductServiceImpl'{0x0000000087ef0928} (0x87ef0928)
 - private final 'userService' 'Lorg/example/reservation/service/spec/UserService;' @20  a 'org/example/reservation/service/userdetails/LoginUserDetailsService'{0x0000000087ea0588} (0x87ea0588)
 - private final 'reservationService' 'Lorg/example/reservation/service/spec/ReservationService;' @24  a 'org/example/reservation/service/implement/ReservationServiceImpl'{0x0000000087ef0948} (0x87ef0948)
 - private final 'converter' 'Lorg/example/reservation/entity/converter/ProductDtoConverter;' @28  a 'org/example/reservation/entity/converter/ProductDtoConverter'{0x0000000087aaaa78} (0x87aaaa78)
stack at sp + 3 slots: 0x000000fb4d6f9f10 is pointing into the stack for thread: 0x0000027a9598c4f0
stack at sp + 4 slots: 0x0000027a8f578276 is pointing into metadata
stack at sp + 5 slots: 0x0000000000000006 is an unknown value
stack at sp + 6 slots: 0x0000027a8f5783c8 is pointing into metadata
stack at sp + 7 slots: 0x000000fb4d6f9ff8 is pointing into the stack for thread: 0x0000027a9598c4f0

MethodHandle::interpreter_entry::_linkToVirtual [0x0000027a43939357, 0x0000027a439393aa] (83 bytes)
[MachCode]
  0x0000027a43939357: 660f 1f84 | 0000 0000 | 0048 8b53 | 080f b752 | 2e48 8b0c | d458 5b50 | 448b 5108 | 49bb 0000 
  0x0000027a43939377: 004d 7a02 | 0000 4d03 | d34c 8b5b | 104b 8b9c | dac8 0100 | 0048 85db | 0f84 1000 | 0000 4180 
  0x0000027a43939397: bfe0 0500 | 0000 7403 | ff63 38ff | 6350 e956 | 
[/MachCode]

---------------  P R O C E S S  ---------------

Threads class SMR info:
_java_thread_list=0x0000027a96067200, length=49, elements={
0x0000027a4c3a2e30, 0x0000027a4c3a3e40, 0x0000027a4c3a51e0, 0x0000027a4c3a7300,
0x0000027a4c3b2e80, 0x0000027a4c3b3c30, 0x0000027a4c3b6a10, 0x0000027a4c58a7d0,
0x0000027a4c5f6a70, 0x0000027a4c61fd80, 0x0000027a4c6205a0, 0x0000027a92227920,
0x0000027a924ae700, 0x0000027a92532840, 0x0000027a92541b80, 0x0000027a924a1450,
0x0000027a92a19e70, 0x0000027a92a197e0, 0x0000027a9598d210, 0x0000027a9598a420,
0x0000027a95989070, 0x0000027a9598f2e0, 0x0000027a9598f970, 0x0000027a9598ec50,
0x0000027a95990690, 0x0000027a95b42460, 0x0000027a95b3efe0, 0x0000027a95990000,
0x0000027a95989d90, 0x0000027a9598aab0, 0x0000027a92a17da0, 0x0000027a92a18430,
0x0000027a9598b7d0, 0x0000027a9598cb80, 0x0000027a95989700, 0x0000027a9598be60,
0x0000027a9598c4f0, 0x0000027a9598d8a0, 0x0000027a9598df30, 0x0000027a95b41740,
0x0000027a95b3f670, 0x0000027a95b40a20, 0x0000027a95b40390, 0x0000027a95b3fd00,
0x0000027a95b410b0, 0x0000027a95b41dd0, 0x0000027a96074470, 0x0000027a96070960,
0x0000027a96073750
}

Java Threads: ( => current thread )
  0x0000027a4c3a2e30 JavaThread "Reference Handler"          daemon [_thread_blocked, id=11668, stack(0x000000fb4b500000,0x000000fb4b600000) (1024K)]
  0x0000027a4c3a3e40 JavaThread "Finalizer"                  daemon [_thread_blocked, id=13852, stack(0x000000fb4b600000,0x000000fb4b700000) (1024K)]
  0x0000027a4c3a51e0 JavaThread "Signal Dispatcher"          daemon [_thread_blocked, id=6972, stack(0x000000fb4b700000,0x000000fb4b800000) (1024K)]
  0x0000027a4c3a7300 JavaThread "Attach Listener"            daemon [_thread_blocked, id=14580, stack(0x000000fb4b800000,0x000000fb4b900000) (1024K)]
  0x0000027a4c3b2e80 JavaThread "Service Thread"             daemon [_thread_blocked, id=1712, stack(0x000000fb4b900000,0x000000fb4ba00000) (1024K)]
  0x0000027a4c3b3c30 JavaThread "Monitor Deflation Thread"   daemon [_thread_blocked, id=9316, stack(0x000000fb4ba00000,0x000000fb4bb00000) (1024K)]
  0x0000027a4c3b6a10 JavaThread "C1 CompilerThread0"         daemon [_thread_blocked, id=7968, stack(0x000000fb4bb00000,0x000000fb4bc00000) (1024K)]
  0x0000027a4c58a7d0 JavaThread "Common-Cleaner"             daemon [_thread_blocked, id=13076, stack(0x000000fb4bc00000,0x000000fb4bd00000) (1024K)]
  0x0000027a4c5f6a70 JavaThread "JDWP Transport Listener: dt_socket" daemon [_thread_blocked, id=18280, stack(0x000000fb4bf00000,0x000000fb4c000000) (1024K)]
  0x0000027a4c61fd80 JavaThread "JDWP Event Helper Thread"   daemon [_thread_blocked, id=9688, stack(0x000000fb4c000000,0x000000fb4c100000) (1024K)]
  0x0000027a4c6205a0 JavaThread "JDWP Command Reader"        daemon [_thread_in_native, id=17348, stack(0x000000fb4c100000,0x000000fb4c200000) (1024K)]
  0x0000027a92227920 JavaThread "Notification Thread"        daemon [_thread_blocked, id=15476, stack(0x000000fb4c200000,0x000000fb4c300000) (1024K)]
  0x0000027a924ae700 JavaThread "RMI TCP Accept-0"           daemon [_thread_in_native, id=16716, stack(0x000000fb4cb00000,0x000000fb4cc00000) (1024K)]
  0x0000027a92532840 JavaThread "RMI TCP Accept-61559"       daemon [_thread_in_native, id=18116, stack(0x000000fb4cc00000,0x000000fb4cd00000) (1024K)]
  0x0000027a92541b80 JavaThread "RMI TCP Accept-0"           daemon [_thread_in_native, id=15968, stack(0x000000fb4cd00000,0x000000fb4ce00000) (1024K)]
  0x0000027a924a1450 JavaThread "RMI Scheduler(0)"           daemon [_thread_blocked, id=6352, stack(0x000000fb4cf00000,0x000000fb4d000000) (1024K)]
  0x0000027a92a19e70 JavaThread "JMX server connection timeout 41" daemon [_thread_blocked, id=9728, stack(0x000000fb4d300000,0x000000fb4d400000) (1024K)]
  0x0000027a92a197e0 JavaThread "PostgreSQL-JDBC-Cleaner"    daemon [_thread_blocked, id=17940, stack(0x000000fb4d900000,0x000000fb4da00000) (1024K)]
  0x0000027a9598d210 JavaThread "Live Reload Server"         daemon [_thread_in_native, id=9536, stack(0x000000fb4de00000,0x000000fb4df00000) (1024K)]
  0x0000027a9598a420 JavaThread "http-nio-8080-exec-1"       daemon [_thread_blocked, id=13624, stack(0x000000fb4dd00000,0x000000fb4de00000) (1024K)]
  0x0000027a95989070 JavaThread "http-nio-8080-exec-2"       daemon [_thread_blocked, id=16756, stack(0x000000fb4df00000,0x000000fb4e000000) (1024K)]
  0x0000027a9598f2e0 JavaThread "http-nio-8080-exec-5"       daemon [_thread_blocked, id=12968, stack(0x000000fb4e200000,0x000000fb4e300000) (1024K)]
  0x0000027a9598f970 JavaThread "http-nio-8080-exec-6"       daemon [_thread_blocked, id=1980, stack(0x000000fb4e300000,0x000000fb4e400000) (1024K)]
  0x0000027a9598ec50 JavaThread "http-nio-8080-exec-8"       daemon [_thread_blocked, id=12032, stack(0x000000fb4e500000,0x000000fb4e600000) (1024K)]
  0x0000027a95990690 JavaThread "DestroyJavaVM"                     [_thread_blocked, id=3316, stack(0x000000fb4ad00000,0x000000fb4ae00000) (1024K)]
  0x0000027a95b42460 JavaThread "RMI TCP Connection(9)-127.0.0.1" daemon [_thread_in_native, id=6064, stack(0x000000fb4d100000,0x000000fb4d200000) (1024K)]
  0x0000027a95b3efe0 JavaThread "JMX server connection timeout 79" daemon [_thread_blocked, id=17812, stack(0x000000fb4ed00000,0x000000fb4ee00000) (1024K)]
  0x0000027a95990000 JavaThread "http-nio-8080-exec-2"       daemon [_thread_blocked, id=17640, stack(0x000000fb4d800000,0x000000fb4d900000) (1024K)]
  0x0000027a95989d90 JavaThread "http-nio-8080-exec-3"       daemon [_thread_blocked, id=15964, stack(0x000000fb4da00000,0x000000fb4db00000) (1024K)]
  0x0000027a9598aab0 JavaThread "http-nio-8080-exec-4"       daemon [_thread_blocked, id=18276, stack(0x000000fb4db00000,0x000000fb4dc00000) (1024K)]
  0x0000027a92a17da0 JavaThread "Catalina-utility-1"                [_thread_blocked, id=13048, stack(0x000000fb4bd00000,0x000000fb4be00000) (1024K)]
  0x0000027a92a18430 JavaThread "Catalina-utility-2"                [_thread_blocked, id=11624, stack(0x000000fb4be00000,0x000000fb4bf00000) (1024K)]
  0x0000027a9598b7d0 JavaThread "container-0"                       [_thread_blocked, id=14844, stack(0x000000fb4c300000,0x000000fb4c400000) (1024K)]
  0x0000027a9598cb80 JavaThread "HikariPool-3 housekeeper"   daemon [_thread_blocked, id=13248, stack(0x000000fb4ce00000,0x000000fb4cf00000) (1024K)]
  0x0000027a95989700 JavaThread "File Watcher"               daemon [_thread_blocked, id=15548, stack(0x000000fb4d000000,0x000000fb4d100000) (1024K)]
  0x0000027a9598be60 JavaThread "http-nio-8080-exec-1"       daemon [_thread_blocked, id=8808, stack(0x000000fb4d400000,0x000000fb4d500000) (1024K)]
=>0x0000027a9598c4f0 JavaThread "http-nio-8080-exec-2"       daemon [_thread_in_Java, id=13100, stack(0x000000fb4d600000,0x000000fb4d700000) (1024K)]
  0x0000027a9598d8a0 JavaThread "http-nio-8080-exec-3"       daemon [_thread_blocked, id=15728, stack(0x000000fb4d700000,0x000000fb4d800000) (1024K)]
  0x0000027a9598df30 JavaThread "http-nio-8080-exec-4"       daemon [_thread_in_Java, id=18060, stack(0x000000fb4dc00000,0x000000fb4dd00000) (1024K)]
  0x0000027a95b41740 JavaThread "http-nio-8080-exec-5"       daemon [_thread_in_Java, id=12768, stack(0x000000fb4e000000,0x000000fb4e100000) (1024K)]
  0x0000027a95b3f670 JavaThread "http-nio-8080-exec-6"       daemon [_thread_blocked, id=13320, stack(0x000000fb4e100000,0x000000fb4e200000) (1024K)]
  0x0000027a95b40a20 JavaThread "http-nio-8080-exec-7"       daemon [_thread_blocked, id=12708, stack(0x000000fb4e400000,0x000000fb4e500000) (1024K)]
  0x0000027a95b40390 JavaThread "http-nio-8080-exec-8"       daemon [_thread_blocked, id=12328, stack(0x000000fb4e600000,0x000000fb4e700000) (1024K)]
  0x0000027a95b3fd00 JavaThread "http-nio-8080-exec-9"       daemon [_thread_blocked, id=17200, stack(0x000000fb4e700000,0x000000fb4e800000) (1024K)]
  0x0000027a95b410b0 JavaThread "http-nio-8080-exec-10"      daemon [_thread_blocked, id=17472, stack(0x000000fb4e800000,0x000000fb4e900000) (1024K)]
  0x0000027a95b41dd0 JavaThread "http-nio-8080-Poller"       daemon [_thread_in_native, id=18004, stack(0x000000fb4e900000,0x000000fb4ea00000) (1024K)]
  0x0000027a96074470 JavaThread "http-nio-8080-Acceptor"     daemon [_thread_in_native, id=11308, stack(0x000000fb4ea00000,0x000000fb4eb00000) (1024K)]
  0x0000027a96070960 JavaThread "RMI TCP Connection(idle)"   daemon [_thread_blocked, id=6764, stack(0x000000fb4ee00000,0x000000fb4ef00000) (1024K)]
  0x0000027a96073750 JavaThread "RMI TCP Connection(idle)"   daemon [_thread_blocked, id=4676, stack(0x000000fb4aa00000,0x000000fb4ab00000) (1024K)]
Total: 49

Other Threads:
  0x0000027a4c386ce0 VMThread "VM Thread"                           [id=18136, stack(0x000000fb4b400000,0x000000fb4b500000) (1024K)]
  0x0000027a4c3727d0 WatcherThread "VM Periodic Task Thread"        [id=17332, stack(0x000000fb4b300000,0x000000fb4b400000) (1024K)]
  0x0000027a39ab9490 WorkerThread "GC Thread#0"                     [id=11980, stack(0x000000fb4ae00000,0x000000fb4af00000) (1024K)]
  0x0000027a924d3bf0 WorkerThread "GC Thread#1"                     [id=11792, stack(0x000000fb4c400000,0x000000fb4c500000) (1024K)]
  0x0000027a924d3f90 WorkerThread "GC Thread#2"                     [id=7464, stack(0x000000fb4c500000,0x000000fb4c600000) (1024K)]
  0x0000027a924ab9d0 WorkerThread "GC Thread#3"                     [id=12280, stack(0x000000fb4c600000,0x000000fb4c700000) (1024K)]
  0x0000027a924abd70 WorkerThread "GC Thread#4"                     [id=16452, stack(0x000000fb4c700000,0x000000fb4c800000) (1024K)]
  0x0000027a924ac110 WorkerThread "GC Thread#5"                     [id=11260, stack(0x000000fb4c800000,0x000000fb4c900000) (1024K)]
  0x0000027a924ac4b0 WorkerThread "GC Thread#6"                     [id=17500, stack(0x000000fb4c900000,0x000000fb4ca00000) (1024K)]
  0x0000027a924acc60 WorkerThread "GC Thread#7"                     [id=7564, stack(0x000000fb4ca00000,0x000000fb4cb00000) (1024K)]
  0x0000027a39ac9db0 ConcurrentGCThread "G1 Main Marker"            [id=16912, stack(0x000000fb4af00000,0x000000fb4b000000) (1024K)]
  0x0000027a39aca8b0 WorkerThread "G1 Conc#0"                       [id=16364, stack(0x000000fb4b000000,0x000000fb4b100000) (1024K)]
  0x0000027a92affbd0 WorkerThread "G1 Conc#1"                       [id=7704, stack(0x000000fb4d500000,0x000000fb4d600000) (1024K)]
  0x0000027a4c2471a0 ConcurrentGCThread "G1 Refine#0"               [id=1028, stack(0x000000fb4b100000,0x000000fb4b200000) (1024K)]
  0x0000027a4c247b20 ConcurrentGCThread "G1 Service"                [id=6924, stack(0x000000fb4b200000,0x000000fb4b300000) (1024K)]
Total: 15

Threads with active compile tasks:
Total: 0

VM state: not at safepoint (normal execution)

VM Mutex/Monitor currently owned by a thread: None

Heap address: 0x0000000083600000, size: 1994 MB, Compressed Oops mode: 32-bit

CDS archive(s) mapped at: [0x0000027a4d000000-0x0000027a4dc90000-0x0000027a4dc90000), size 13172736, SharedBaseAddress: 0x0000027a4d000000, ArchiveRelocationMode: 1.
Compressed class space mapped at: 0x0000027a4e000000-0x0000027a8e000000, reserved size: 1073741824
Narrow klass base: 0x0000027a4d000000, Narrow klass shift: 0, Narrow klass range: 0x100000000

GC Precious Log:
 CardTable entry size: 512
 Card Set container configuration: InlinePtr #cards 5 size 8 Array Of Cards #cards 12 size 40 Howl #buckets 4 coarsen threshold 1843 Howl Bitmap #cards 512 size 80 coarsen threshold 460 Card regions per heap region 1 cards per card region 2048
 CPUs: 8 total, 8 available
 Memory: 7973M
 Large Page Support: Disabled
 NUMA Support: Disabled
 Compressed Oops: Enabled (32-bit)
 Heap Region Size: 1M
 Heap Min Capacity: 8M
 Heap Initial Capacity: 126M
 Heap Max Capacity: 1994M
 Pre-touch: Disabled
 Parallel Workers: 8
 Concurrent Workers: 2
 Concurrent Refinement Workers: 8
 Periodic GC: Disabled

Heap:
 garbage-first heap   total 129024K, used 108261K [0x0000000083600000, 0x0000000100000000)
  region size 1024K, 50 young (51200K), 5 survivors (5120K)
 Metaspace       used 88851K, committed 89728K, reserved 1179648K
  class space    used 12747K, committed 13184K, reserved 1048576K

Heap Regions: E=young(eden), S=young(survivor), O=old, HS=humongous(starts), HC=humongous(continues), CS=collection set, F=free, TAMS=top-at-mark-start, PB=parsable bottom
|   0|0x0000000083600000, 0x0000000083700000, 0x0000000083700000|100%|HS|  |TAMS 0x0000000083600000| PB 0x0000000083600000| Complete 
|   1|0x0000000083700000, 0x00000000837ffff8, 0x0000000083800000| 99%| O|  |TAMS 0x0000000083700000| PB 0x0000000083700000| Untracked 
|   2|0x0000000083800000, 0x0000000083900000, 0x0000000083900000|100%| O|  |TAMS 0x0000000083800000| PB 0x0000000083800000| Untracked 
|   3|0x0000000083900000, 0x00000000839fffb0, 0x0000000083a00000| 99%| O|  |TAMS 0x0000000083900000| PB 0x0000000083900000| Untracked 
|   4|0x0000000083a00000, 0x0000000083b00000, 0x0000000083b00000|100%| O|  |TAMS 0x0000000083a00000| PB 0x0000000083a00000| Untracked 
|   5|0x0000000083b00000, 0x0000000083bfff98, 0x0000000083c00000| 99%| O|  |TAMS 0x0000000083b00000| PB 0x0000000083b00000| Untracked 
|   6|0x0000000083c00000, 0x0000000083d00000, 0x0000000083d00000|100%| O|  |TAMS 0x0000000083c00000| PB 0x0000000083c00000| Untracked 
|   7|0x0000000083d00000, 0x0000000083dffff0, 0x0000000083e00000| 99%| O|  |TAMS 0x0000000083d00000| PB 0x0000000083d00000| Untracked 
|   8|0x0000000083e00000, 0x0000000083effff8, 0x0000000083f00000| 99%| O|  |TAMS 0x0000000083e00000| PB 0x0000000083e00000| Untracked 
|   9|0x0000000083f00000, 0x0000000084000000, 0x0000000084000000|100%| O|  |TAMS 0x0000000083f00000| PB 0x0000000083f00000| Untracked 
|  10|0x0000000084000000, 0x00000000840ffa68, 0x0000000084100000| 99%| O|  |TAMS 0x0000000084000000| PB 0x0000000084000000| Untracked 
|  11|0x0000000084100000, 0x00000000841ffff8, 0x0000000084200000| 99%| O|  |TAMS 0x0000000084100000| PB 0x0000000084100000| Untracked 
|  12|0x0000000084200000, 0x00000000842ffff8, 0x0000000084300000| 99%| O|  |TAMS 0x0000000084200000| PB 0x0000000084200000| Untracked 
|  13|0x0000000084300000, 0x00000000843ffff0, 0x0000000084400000| 99%| O|  |TAMS 0x0000000084300000| PB 0x0000000084300000| Untracked 
|  14|0x0000000084400000, 0x00000000844fffa0, 0x0000000084500000| 99%| O|  |TAMS 0x0000000084400000| PB 0x0000000084400000| Untracked 
|  15|0x0000000084500000, 0x00000000845fffa0, 0x0000000084600000| 99%| O|  |TAMS 0x0000000084500000| PB 0x0000000084500000| Untracked 
|  16|0x0000000084600000, 0x0000000084700000, 0x0000000084700000|100%| O|  |TAMS 0x0000000084600000| PB 0x0000000084600000| Untracked 
|  17|0x0000000084700000, 0x00000000847fffc8, 0x0000000084800000| 99%| O|  |TAMS 0x0000000084700000| PB 0x0000000084700000| Untracked 
|  18|0x0000000084800000, 0x0000000084900000, 0x0000000084900000|100%| O|  |TAMS 0x0000000084800000| PB 0x0000000084800000| Untracked 
|  19|0x0000000084900000, 0x0000000084a00000, 0x0000000084a00000|100%| O|  |TAMS 0x0000000084900000| PB 0x0000000084900000| Untracked 
|  20|0x0000000084a00000, 0x0000000084afffe0, 0x0000000084b00000| 99%| O|  |TAMS 0x0000000084a00000| PB 0x0000000084a00000| Untracked 
|  21|0x0000000084b00000, 0x0000000084bffff0, 0x0000000084c00000| 99%| O|  |TAMS 0x0000000084b00000| PB 0x0000000084b00000| Untracked 
|  22|0x0000000084c00000, 0x0000000084cfffe0, 0x0000000084d00000| 99%| O|  |TAMS 0x0000000084c00000| PB 0x0000000084c00000| Untracked 
|  23|0x0000000084d00000, 0x0000000084e00000, 0x0000000084e00000|100%| O|  |TAMS 0x0000000084d00000| PB 0x0000000084d00000| Untracked 
|  24|0x0000000084e00000, 0x0000000084effff8, 0x0000000084f00000| 99%| O|  |TAMS 0x0000000084e00000| PB 0x0000000084e00000| Untracked 
|  25|0x0000000084f00000, 0x0000000084fffff0, 0x0000000085000000| 99%| O|  |TAMS 0x0000000084f00000| PB 0x0000000084f00000| Untracked 
|  26|0x0000000085000000, 0x0000000085100000, 0x0000000085100000|100%| O|  |TAMS 0x0000000085000000| PB 0x0000000085000000| Untracked 
|  27|0x0000000085100000, 0x00000000851fffd8, 0x0000000085200000| 99%| O|  |TAMS 0x0000000085100000| PB 0x0000000085100000| Untracked 
|  28|0x0000000085200000, 0x00000000852fffa8, 0x0000000085300000| 99%| O|  |TAMS 0x0000000085200000| PB 0x0000000085200000| Untracked 
|  29|0x0000000085300000, 0x00000000853ffff0, 0x0000000085400000| 99%| O|  |TAMS 0x0000000085300000| PB 0x0000000085300000| Untracked 
|  30|0x0000000085400000, 0x00000000854ffff0, 0x0000000085500000| 99%| O|  |TAMS 0x0000000085400000| PB 0x0000000085400000| Untracked 
|  31|0x0000000085500000, 0x0000000085600000, 0x0000000085600000|100%| O|  |TAMS 0x0000000085500000| PB 0x0000000085500000| Untracked 
|  32|0x0000000085600000, 0x0000000085700000, 0x0000000085700000|100%| O|  |TAMS 0x0000000085600000| PB 0x0000000085600000| Untracked 
|  33|0x0000000085700000, 0x0000000085800000, 0x0000000085800000|100%| O|  |TAMS 0x0000000085700000| PB 0x0000000085700000| Untracked 
|  34|0x0000000085800000, 0x00000000858ffff8, 0x0000000085900000| 99%| O|  |TAMS 0x0000000085800000| PB 0x0000000085800000| Untracked 
|  35|0x0000000085900000, 0x0000000085a00000, 0x0000000085a00000|100%| O|  |TAMS 0x0000000085900000| PB 0x0000000085900000| Untracked 
|  36|0x0000000085a00000, 0x0000000085afffb8, 0x0000000085b00000| 99%| O|  |TAMS 0x0000000085a00000| PB 0x0000000085a00000| Untracked 
|  37|0x0000000085b00000, 0x0000000085bfffe8, 0x0000000085c00000| 99%| O|  |TAMS 0x0000000085b00000| PB 0x0000000085b00000| Untracked 
|  38|0x0000000085c00000, 0x0000000085d00000, 0x0000000085d00000|100%| O|  |TAMS 0x0000000085c00000| PB 0x0000000085c00000| Untracked 
|  39|0x0000000085d00000, 0x0000000085e00000, 0x0000000085e00000|100%| O|  |TAMS 0x0000000085d00000| PB 0x0000000085d00000| Untracked 
|  40|0x0000000085e00000, 0x0000000085f00000, 0x0000000085f00000|100%| O|  |TAMS 0x0000000085e00000| PB 0x0000000085e00000| Untracked 
|  41|0x0000000085f00000, 0x0000000085fffff0, 0x0000000086000000| 99%| O|  |TAMS 0x0000000085f00000| PB 0x0000000085f00000| Untracked 
|  42|0x0000000086000000, 0x00000000860ffff8, 0x0000000086100000| 99%| O|  |TAMS 0x0000000086000000| PB 0x0000000086000000| Untracked 
|  43|0x0000000086100000, 0x0000000086200000, 0x0000000086200000|100%| O|  |TAMS 0x0000000086100000| PB 0x0000000086100000| Untracked 
|  44|0x0000000086200000, 0x00000000862ca180, 0x0000000086300000| 78%| O|  |TAMS 0x0000000086200000| PB 0x0000000086200000| Untracked 
|  45|0x0000000086300000, 0x00000000863fffb0, 0x0000000086400000| 99%| O|  |TAMS 0x0000000086300000| PB 0x0000000086300000| Untracked 
|  46|0x0000000086400000, 0x00000000864fffc8, 0x0000000086500000| 99%| O|  |TAMS 0x0000000086400000| PB 0x0000000086400000| Untracked 
|  47|0x0000000086500000, 0x00000000865ffff8, 0x0000000086600000| 99%| O|  |TAMS 0x0000000086500000| PB 0x0000000086500000| Untracked 
|  48|0x0000000086600000, 0x0000000086700000, 0x0000000086700000|100%| O|  |TAMS 0x0000000086600000| PB 0x0000000086600000| Untracked 
|  49|0x0000000086700000, 0x0000000086800000, 0x0000000086800000|100%| O|  |TAMS 0x0000000086700000| PB 0x0000000086700000| Untracked 
|  50|0x0000000086800000, 0x00000000868a7930, 0x0000000086900000| 65%| O|Cm|TAMS 0x0000000086800000| PB 0x0000000086800000| Complete 
|  51|0x0000000086900000, 0x0000000086a00000, 0x0000000086a00000|100%| O|  |TAMS 0x0000000086900000| PB 0x0000000086900000| Untracked 
|  52|0x0000000086a00000, 0x0000000086a6bc80, 0x0000000086b00000| 42%| O|Cm|TAMS 0x0000000086a00000| PB 0x0000000086a00000| Complete 
|  53|0x0000000086b00000, 0x0000000086c00000, 0x0000000086c00000|100%| O|  |TAMS 0x0000000086b00000| PB 0x0000000086b00000| Untracked 
|  54|0x0000000086c00000, 0x0000000086d00000, 0x0000000086d00000|100%| O|  |TAMS 0x0000000086c00000| PB 0x0000000086c00000| Untracked 
|  55|0x0000000086d00000, 0x0000000086e00000, 0x0000000086e00000|100%| O|  |TAMS 0x0000000086d00000| PB 0x0000000086d00000| Untracked 
|  56|0x0000000086e00000, 0x0000000086f00000, 0x0000000086f00000|100%| O|  |TAMS 0x0000000086e00000| PB 0x0000000086e00000| Untracked 
|  57|0x0000000086f00000, 0x0000000086f00000, 0x0000000087000000|  0%| F|  |TAMS 0x0000000086f00000| PB 0x0000000086f00000| Untracked 
|  58|0x0000000087000000, 0x0000000087000000, 0x0000000087100000|  0%| F|  |TAMS 0x0000000087000000| PB 0x0000000087000000| Untracked 
|  59|0x0000000087100000, 0x0000000087100000, 0x0000000087200000|  0%| F|  |TAMS 0x0000000087100000| PB 0x0000000087100000| Untracked 
|  60|0x0000000087200000, 0x0000000087200000, 0x0000000087300000|  0%| F|  |TAMS 0x0000000087200000| PB 0x0000000087200000| Untracked 
|  61|0x0000000087300000, 0x0000000087300000, 0x0000000087400000|  0%| F|  |TAMS 0x0000000087300000| PB 0x0000000087300000| Untracked 
|  62|0x0000000087400000, 0x0000000087500000, 0x0000000087500000|100%| O|  |TAMS 0x0000000087400000| PB 0x0000000087400000| Untracked 
|  63|0x0000000087500000, 0x0000000087500000, 0x0000000087600000|  0%| F|  |TAMS 0x0000000087500000| PB 0x0000000087500000| Untracked 
|  64|0x0000000087600000, 0x0000000087600000, 0x0000000087700000|  0%| F|  |TAMS 0x0000000087600000| PB 0x0000000087600000| Untracked 
|  65|0x0000000087700000, 0x0000000087700000, 0x0000000087800000|  0%| F|  |TAMS 0x0000000087700000| PB 0x0000000087700000| Untracked 
|  66|0x0000000087800000, 0x00000000878dc870, 0x0000000087900000| 86%| S|CS|TAMS 0x0000000087800000| PB 0x0000000087800000| Complete 
|  67|0x0000000087900000, 0x0000000087a00000, 0x0000000087a00000|100%| S|CS|TAMS 0x0000000087900000| PB 0x0000000087900000| Complete 
|  68|0x0000000087a00000, 0x0000000087b00000, 0x0000000087b00000|100%| S|CS|TAMS 0x0000000087a00000| PB 0x0000000087a00000| Complete 
|  69|0x0000000087b00000, 0x0000000087b00000, 0x0000000087c00000|  0%| F|  |TAMS 0x0000000087b00000| PB 0x0000000087b00000| Untracked 
|  70|0x0000000087c00000, 0x0000000087c00000, 0x0000000087d00000|  0%| F|  |TAMS 0x0000000087c00000| PB 0x0000000087c00000| Untracked 
|  71|0x0000000087d00000, 0x0000000087d00000, 0x0000000087e00000|  0%| F|  |TAMS 0x0000000087d00000| PB 0x0000000087d00000| Untracked 
|  72|0x0000000087e00000, 0x0000000087f00000, 0x0000000087f00000|100%| S|CS|TAMS 0x0000000087e00000| PB 0x0000000087e00000| Complete 
|  73|0x0000000087f00000, 0x0000000088000000, 0x0000000088000000|100%| S|CS|TAMS 0x0000000087f00000| PB 0x0000000087f00000| Complete 
|  74|0x0000000088000000, 0x0000000088000000, 0x0000000088100000|  0%| F|  |TAMS 0x0000000088000000| PB 0x0000000088000000| Untracked 
|  75|0x0000000088100000, 0x0000000088100000, 0x0000000088200000|  0%| F|  |TAMS 0x0000000088100000| PB 0x0000000088100000| Untracked 
|  76|0x0000000088200000, 0x0000000088200000, 0x0000000088300000|  0%| F|  |TAMS 0x0000000088200000| PB 0x0000000088200000| Untracked 
|  77|0x0000000088300000, 0x0000000088300000, 0x0000000088400000|  0%| F|  |TAMS 0x0000000088300000| PB 0x0000000088300000| Untracked 
|  78|0x0000000088400000, 0x0000000088400000, 0x0000000088500000|  0%| F|  |TAMS 0x0000000088400000| PB 0x0000000088400000| Untracked 
|  79|0x0000000088500000, 0x0000000088500000, 0x0000000088600000|  0%| F|  |TAMS 0x0000000088500000| PB 0x0000000088500000| Untracked 
|  80|0x0000000088600000, 0x0000000088600000, 0x0000000088700000|  0%| F|  |TAMS 0x0000000088600000| PB 0x0000000088600000| Untracked 
|  81|0x0000000088700000, 0x0000000088800000, 0x0000000088800000|100%| E|  |TAMS 0x0000000088700000| PB 0x0000000088700000| Complete 
|  82|0x0000000088800000, 0x0000000088900000, 0x0000000088900000|100%| E|CS|TAMS 0x0000000088800000| PB 0x0000000088800000| Complete 
|  83|0x0000000088900000, 0x0000000088a00000, 0x0000000088a00000|100%| E|CS|TAMS 0x0000000088900000| PB 0x0000000088900000| Complete 
|  84|0x0000000088a00000, 0x0000000088b00000, 0x0000000088b00000|100%| E|CS|TAMS 0x0000000088a00000| PB 0x0000000088a00000| Complete 
|  85|0x0000000088b00000, 0x0000000088c00000, 0x0000000088c00000|100%| E|CS|TAMS 0x0000000088b00000| PB 0x0000000088b00000| Complete 
|  86|0x0000000088c00000, 0x0000000088d00000, 0x0000000088d00000|100%| E|CS|TAMS 0x0000000088c00000| PB 0x0000000088c00000| Complete 
|  87|0x0000000088d00000, 0x0000000088e00000, 0x0000000088e00000|100%| E|CS|TAMS 0x0000000088d00000| PB 0x0000000088d00000| Complete 
|  88|0x0000000088e00000, 0x0000000088f00000, 0x0000000088f00000|100%| E|CS|TAMS 0x0000000088e00000| PB 0x0000000088e00000| Complete 
|  89|0x0000000088f00000, 0x0000000089000000, 0x0000000089000000|100%| E|CS|TAMS 0x0000000088f00000| PB 0x0000000088f00000| Complete 
|  90|0x0000000089000000, 0x0000000089100000, 0x0000000089100000|100%| E|CS|TAMS 0x0000000089000000| PB 0x0000000089000000| Complete 
|  91|0x0000000089100000, 0x0000000089200000, 0x0000000089200000|100%| E|CS|TAMS 0x0000000089100000| PB 0x0000000089100000| Complete 
|  92|0x0000000089200000, 0x0000000089300000, 0x0000000089300000|100%| E|CS|TAMS 0x0000000089200000| PB 0x0000000089200000| Complete 
|  93|0x0000000089300000, 0x0000000089400000, 0x0000000089400000|100%| E|CS|TAMS 0x0000000089300000| PB 0x0000000089300000| Complete 
|  94|0x0000000089400000, 0x0000000089500000, 0x0000000089500000|100%| E|CS|TAMS 0x0000000089400000| PB 0x0000000089400000| Complete 
|  95|0x0000000089500000, 0x0000000089600000, 0x0000000089600000|100%| E|CS|TAMS 0x0000000089500000| PB 0x0000000089500000| Complete 
|  96|0x0000000089600000, 0x0000000089700000, 0x0000000089700000|100%| E|CS|TAMS 0x0000000089600000| PB 0x0000000089600000| Complete 
|  97|0x0000000089700000, 0x0000000089800000, 0x0000000089800000|100%| E|CS|TAMS 0x0000000089700000| PB 0x0000000089700000| Complete 
|  98|0x0000000089800000, 0x0000000089900000, 0x0000000089900000|100%| E|CS|TAMS 0x0000000089800000| PB 0x0000000089800000| Complete 
|  99|0x0000000089900000, 0x0000000089a00000, 0x0000000089a00000|100%| E|CS|TAMS 0x0000000089900000| PB 0x0000000089900000| Complete 
| 100|0x0000000089a00000, 0x0000000089b00000, 0x0000000089b00000|100%| E|CS|TAMS 0x0000000089a00000| PB 0x0000000089a00000| Complete 
| 101|0x0000000089b00000, 0x0000000089c00000, 0x0000000089c00000|100%| E|CS|TAMS 0x0000000089b00000| PB 0x0000000089b00000| Complete 
| 102|0x0000000089c00000, 0x0000000089d00000, 0x0000000089d00000|100%| E|CS|TAMS 0x0000000089c00000| PB 0x0000000089c00000| Complete 
| 103|0x0000000089d00000, 0x0000000089e00000, 0x0000000089e00000|100%| E|CS|TAMS 0x0000000089d00000| PB 0x0000000089d00000| Complete 
| 104|0x0000000089e00000, 0x0000000089f00000, 0x0000000089f00000|100%| E|CS|TAMS 0x0000000089e00000| PB 0x0000000089e00000| Complete 
| 105|0x0000000089f00000, 0x000000008a000000, 0x000000008a000000|100%| E|CS|TAMS 0x0000000089f00000| PB 0x0000000089f00000| Complete 
| 106|0x000000008a000000, 0x000000008a100000, 0x000000008a100000|100%| E|CS|TAMS 0x000000008a000000| PB 0x000000008a000000| Complete 
| 107|0x000000008a100000, 0x000000008a200000, 0x000000008a200000|100%| E|CS|TAMS 0x000000008a100000| PB 0x000000008a100000| Complete 
| 108|0x000000008a200000, 0x000000008a300000, 0x000000008a300000|100%| E|CS|TAMS 0x000000008a200000| PB 0x000000008a200000| Complete 
| 109|0x000000008a300000, 0x000000008a400000, 0x000000008a400000|100%| E|CS|TAMS 0x000000008a300000| PB 0x000000008a300000| Complete 
| 110|0x000000008a400000, 0x000000008a500000, 0x000000008a500000|100%| E|CS|TAMS 0x000000008a400000| PB 0x000000008a400000| Complete 
| 111|0x000000008a500000, 0x000000008a600000, 0x000000008a600000|100%| E|CS|TAMS 0x000000008a500000| PB 0x000000008a500000| Complete 
| 112|0x000000008a600000, 0x000000008a700000, 0x000000008a700000|100%| E|CS|TAMS 0x000000008a600000| PB 0x000000008a600000| Complete 
| 113|0x000000008a700000, 0x000000008a800000, 0x000000008a800000|100%| E|CS|TAMS 0x000000008a700000| PB 0x000000008a700000| Complete 
| 114|0x000000008a800000, 0x000000008a900000, 0x000000008a900000|100%| E|CS|TAMS 0x000000008a800000| PB 0x000000008a800000| Complete 
| 115|0x000000008a900000, 0x000000008aa00000, 0x000000008aa00000|100%| E|CS|TAMS 0x000000008a900000| PB 0x000000008a900000| Complete 
| 116|0x000000008aa00000, 0x000000008ab00000, 0x000000008ab00000|100%| E|CS|TAMS 0x000000008aa00000| PB 0x000000008aa00000| Complete 
| 117|0x000000008ab00000, 0x000000008ac00000, 0x000000008ac00000|100%| E|CS|TAMS 0x000000008ab00000| PB 0x000000008ab00000| Complete 
| 118|0x000000008ac00000, 0x000000008ad00000, 0x000000008ad00000|100%| E|CS|TAMS 0x000000008ac00000| PB 0x000000008ac00000| Complete 
| 119|0x000000008ad00000, 0x000000008ae00000, 0x000000008ae00000|100%| E|CS|TAMS 0x000000008ad00000| PB 0x000000008ad00000| Complete 
| 120|0x000000008ae00000, 0x000000008af00000, 0x000000008af00000|100%| E|CS|TAMS 0x000000008ae00000| PB 0x000000008ae00000| Complete 
| 121|0x000000008af00000, 0x000000008b000000, 0x000000008b000000|100%| E|CS|TAMS 0x000000008af00000| PB 0x000000008af00000| Complete 
| 122|0x000000008b000000, 0x000000008b100000, 0x000000008b100000|100%| E|CS|TAMS 0x000000008b000000| PB 0x000000008b000000| Complete 
| 123|0x000000008b100000, 0x000000008b200000, 0x000000008b200000|100%| E|CS|TAMS 0x000000008b100000| PB 0x000000008b100000| Complete 
| 124|0x000000008b200000, 0x000000008b300000, 0x000000008b300000|100%| E|CS|TAMS 0x000000008b200000| PB 0x000000008b200000| Complete 
| 125|0x000000008b300000, 0x000000008b400000, 0x000000008b400000|100%| E|CS|TAMS 0x000000008b300000| PB 0x000000008b300000| Complete 

Card table byte_map: [0x0000027a475b0000,0x0000027a479a0000] _byte_map_base: 0x0000027a47195000

Marking Bits: (CMBitMap*) 0x0000027a39ab9b90
 Bits: [0x0000027a479a0000, 0x0000027a498c8000)

Polling page: 0x0000027a39b10000

Metaspace:

Usage:
  Non-class:     74.32 MB used.
      Class:     12.45 MB used.
       Both:     86.77 MB used.

Virtual space:
  Non-class space:      128.00 MB reserved,      74.75 MB ( 58%) committed,  2 nodes.
      Class space:        1.00 GB reserved,      12.88 MB (  1%) committed,  1 nodes.
             Both:        1.12 GB reserved,      87.62 MB (  8%) committed. 

Chunk freelists:
   Non-Class:  5.13 MB
       Class:  3.20 MB
        Both:  8.33 MB

MaxMetaspaceSize: unlimited
CompressedClassSpaceSize: 1.00 GB
Initial GC threshold: 21.00 MB
Current GC threshold: 145.56 MB
CDS: on
 - commit_granule_bytes: 65536.
 - commit_granule_words: 8192.
 - virtual_space_node_default_size: 8388608.
 - enlarge_chunks_in_place: 1.
 - use_allocation_guard: 0.


Internal statistics:

num_allocs_failed_limit: 12.
num_arena_births: 2076.
num_arena_deaths: 884.
num_vsnodes_births: 3.
num_vsnodes_deaths: 0.
num_space_committed: 1402.
num_space_uncommitted: 0.
num_chunks_returned_to_freelist: 1097.
num_chunks_taken_from_freelist: 5733.
num_chunk_merges: 259.
num_chunk_splits: 3640.
num_chunks_enlarged: 2696.
num_inconsistent_stats: 0.

CodeCache: size=49152Kb used=17629Kb max_used=19987Kb free=31522Kb
 bounds [0x0000027a438e0000, 0x0000027a44cc0000, 0x0000027a468e0000]
 total_blobs=9464 nmethods=8713 adapters=674
 compilation: enabled
              stopped_count=0, restarted_count=0
 full_count=0

Compilation events (20 events):
Event: 1030.000 Thread 0x0000027a4c3b6a10 11912       1       sun.reflect.annotation.AnnotationSupport::getIndirectlyPresent (60 bytes)
Event: 1030.000 Thread 0x0000027a4c3b6a10 nmethod 11912 0x0000027a446ec990 code [0x0000027a446ecbe0, 0x0000027a446ed150]
Event: 1030.889 Thread 0x0000027a4c3b6a10 11913       1       org.springframework.boot.actuate.endpoint.InvocationContext::resolveArgument (61 bytes)
Event: 1030.889 Thread 0x0000027a4c3b6a10 nmethod 11913 0x0000027a44967490 code [0x0000027a44967680, 0x0000027a44967980]
Event: 1030.889 Thread 0x0000027a4c3b6a10 11914       1       com.fasterxml.jackson.core.JsonStreamContext::<init> (15 bytes)
Event: 1030.889 Thread 0x0000027a4c3b6a10 nmethod 11914 0x0000027a4453f910 code [0x0000027a4453faa0, 0x0000027a4453fb70]
Event: 1031.835 Thread 0x0000027a4c3b6a10 11915       1       io.micrometer.core.instrument.Meter$Id::getTags (31 bytes)
Event: 1031.836 Thread 0x0000027a4c3b6a10 nmethod 11915 0x0000027a44998510 code [0x0000027a449986e0, 0x0000027a44998998]
Event: 1031.836 Thread 0x0000027a4c3b6a10 11917       1       io.micrometer.core.instrument.Measurement::<init> (15 bytes)
Event: 1031.836 Thread 0x0000027a4c3b6a10 nmethod 11917 0x0000027a4410c210 code [0x0000027a4410c3a0, 0x0000027a4410c500]
Event: 1031.836 Thread 0x0000027a4c3b6a10 11918       1       org.springframework.boot.actuate.metrics.MetricsEndpoint$$Lambda/0x0000027a4eca6238::accept (16 bytes)
Event: 1031.836 Thread 0x0000027a4c3b6a10 nmethod 11918 0x0000027a448e8b90 code [0x0000027a448e8d60, 0x0000027a448e8fe0]
Event: 1031.836 Thread 0x0000027a4c3b6a10 11919       1       org.springframework.boot.actuate.metrics.MetricsEndpoint::lambda$mergeMeasurements$5 (27 bytes)
Event: 1031.836 Thread 0x0000027a4c3b6a10 nmethod 11919 0x0000027a4490cc90 code [0x0000027a4490ce60, 0x0000027a4490d088]
Event: 1031.836 Thread 0x0000027a4c3b6a10 11920       1       io.micrometer.core.instrument.Measurement::getValue (10 bytes)
Event: 1031.837 Thread 0x0000027a4c3b6a10 nmethod 11920 0x0000027a4411f810 code [0x0000027a4411f9c0, 0x0000027a4411fac0]
Event: 1031.837 Thread 0x0000027a4c3b6a10 11921       1       org.springframework.boot.actuate.metrics.MetricsEndpoint::mergeFunction (24 bytes)
Event: 1031.837 Thread 0x0000027a4c3b6a10 nmethod 11921 0x0000027a4412b890 code [0x0000027a4412ba40, 0x0000027a4412bb70]
Event: 1031.837 Thread 0x0000027a4c3b6a10 11916       1       io.micrometer.core.instrument.Meter$Id$$Lambda/0x0000027a4eca5588::<init> (10 bytes)
Event: 1031.837 Thread 0x0000027a4c3b6a10 nmethod 11916 0x0000027a44549010 code [0x0000027a445491a0, 0x0000027a445492b8]

GC Heap History (20 events):
Event: 619.947 GC heap before
{Heap before GC invocations=31 (full 0):
 garbage-first heap   total 129024K, used 77875K [0x0000000083600000, 0x0000000100000000)
  region size 1024K, 37 young (37888K), 7 survivors (7168K)
 Metaspace       used 87517K, committed 88512K, reserved 1179648K
  class space    used 12654K, committed 13120K, reserved 1048576K
}
Event: 620.027 GC heap after
{Heap after GC invocations=32 (full 1):
 garbage-first heap   total 129024K, used 37290K [0x0000000083600000, 0x0000000100000000)
  region size 1024K, 0 young (0K), 0 survivors (0K)
 Metaspace       used 87049K, committed 88512K, reserved 1179648K
  class space    used 12537K, committed 13120K, reserved 1048576K
}
Event: 624.342 GC heap before
{Heap before GC invocations=32 (full 1):
 garbage-first heap   total 129024K, used 113066K [0x0000000083600000, 0x0000000100000000)
  region size 1024K, 75 young (76800K), 0 survivors (0K)
 Metaspace       used 87344K, committed 88512K, reserved 1179648K
  class space    used 12595K, committed 13120K, reserved 1048576K
}
Event: 624.352 GC heap after
{Heap after GC invocations=33 (full 1):
 garbage-first heap   total 129024K, used 43434K [0x0000000083600000, 0x0000000100000000)
  region size 1024K, 6 young (6144K), 6 survivors (6144K)
 Metaspace       used 87344K, committed 88512K, reserved 1179648K
  class space    used 12595K, committed 13120K, reserved 1048576K
}
Event: 625.634 GC heap before
{Heap before GC invocations=34 (full 1):
 garbage-first heap   total 129024K, used 113066K [0x0000000083600000, 0x0000000100000000)
  region size 1024K, 74 young (75776K), 6 survivors (6144K)
 Metaspace       used 87633K, committed 88640K, reserved 1179648K
  class space    used 12611K, committed 13120K, reserved 1048576K
}
Event: 625.642 GC heap after
{Heap after GC invocations=35 (full 1):
 garbage-first heap   total 129024K, used 47334K [0x0000000083600000, 0x0000000100000000)
  region size 1024K, 5 young (5120K), 5 survivors (5120K)
 Metaspace       used 87633K, committed 88640K, reserved 1179648K
  class space    used 12611K, committed 13120K, reserved 1048576K
}
Event: 626.792 GC heap before
{Heap before GC invocations=35 (full 1):
 garbage-first heap   total 129024K, used 112870K [0x0000000083600000, 0x0000000100000000)
  region size 1024K, 69 young (70656K), 5 survivors (5120K)
 Metaspace       used 87808K, committed 88768K, reserved 1179648K
  class space    used 12646K, committed 13120K, reserved 1048576K
}
Event: 626.800 GC heap after
{Heap after GC invocations=36 (full 1):
 garbage-first heap   total 129024K, used 51356K [0x0000000083600000, 0x0000000100000000)
  region size 1024K, 8 young (8192K), 8 survivors (8192K)
 Metaspace       used 87808K, committed 88768K, reserved 1179648K
  class space    used 12646K, committed 13120K, reserved 1048576K
}
Event: 675.532 GC heap before
{Heap before GC invocations=36 (full 1):
 garbage-first heap   total 129024K, used 111772K [0x0000000083600000, 0x0000000100000000)
  region size 1024K, 67 young (68608K), 8 survivors (8192K)
 Metaspace       used 88112K, committed 89024K, reserved 1179648K
  class space    used 12680K, committed 13120K, reserved 1048576K
}
Event: 675.546 GC heap after
{Heap after GC invocations=37 (full 1):
 garbage-first heap   total 129024K, used 55446K [0x0000000083600000, 0x0000000100000000)
  region size 1024K, 9 young (9216K), 9 survivors (9216K)
 Metaspace       used 88112K, committed 89024K, reserved 1179648K
  class space    used 12680K, committed 13120K, reserved 1048576K
}
Event: 899.362 GC heap before
{Heap before GC invocations=38 (full 1):
 garbage-first heap   total 129024K, used 78998K [0x0000000083600000, 0x0000000100000000)
  region size 1024K, 33 young (33792K), 9 survivors (9216K)
 Metaspace       used 88167K, committed 89088K, reserved 1179648K
  class space    used 12693K, committed 13120K, reserved 1048576K
}
Event: 899.440 GC heap after
{Heap after GC invocations=39 (full 2):
 garbage-first heap   total 129024K, used 50230K [0x0000000083600000, 0x0000000100000000)
  region size 1024K, 0 young (0K), 0 survivors (0K)
 Metaspace       used 88148K, committed 89088K, reserved 1179648K
  class space    used 12689K, committed 13120K, reserved 1048576K
}
Event: 900.134 GC heap before
{Heap before GC invocations=39 (full 2):
 garbage-first heap   total 129024K, used 112694K [0x0000000083600000, 0x0000000100000000)
  region size 1024K, 62 young (63488K), 0 survivors (0K)
 Metaspace       used 88327K, committed 89216K, reserved 1179648K
  class space    used 12718K, committed 13120K, reserved 1048576K
}
Event: 900.140 GC heap after
{Heap after GC invocations=40 (full 2):
 garbage-first heap   total 129024K, used 55312K [0x0000000083600000, 0x0000000100000000)
  region size 1024K, 5 young (5120K), 5 survivors (5120K)
 Metaspace       used 88327K, committed 89216K, reserved 1179648K
  class space    used 12718K, committed 13120K, reserved 1048576K
}
Event: 900.974 GC heap before
{Heap before GC invocations=41 (full 2):
 garbage-first heap   total 129024K, used 112656K [0x0000000083600000, 0x0000000100000000)
  region size 1024K, 62 young (63488K), 5 survivors (5120K)
 Metaspace       used 88369K, committed 89344K, reserved 1179648K
  class space    used 12692K, committed 13120K, reserved 1048576K
}
Event: 900.979 GC heap after
{Heap after GC invocations=42 (full 2):
 garbage-first heap   total 129024K, used 58315K [0x0000000083600000, 0x0000000100000000)
  region size 1024K, 4 young (4096K), 4 survivors (4096K)
 Metaspace       used 88369K, committed 89344K, reserved 1179648K
  class space    used 12692K, committed 13120K, reserved 1048576K
}
Event: 902.249 GC heap before
{Heap before GC invocations=42 (full 2):
 garbage-first heap   total 129024K, used 113611K [0x0000000083600000, 0x0000000100000000)
  region size 1024K, 58 young (59392K), 4 survivors (4096K)
 Metaspace       used 88557K, committed 89408K, reserved 1179648K
  class space    used 12714K, committed 13120K, reserved 1048576K
}
Event: 902.255 GC heap after
{Heap after GC invocations=43 (full 2):
 garbage-first heap   total 129024K, used 60915K [0x0000000083600000, 0x0000000100000000)
  region size 1024K, 6 young (6144K), 6 survivors (6144K)
 Metaspace       used 88557K, committed 89408K, reserved 1179648K
  class space    used 12714K, committed 13120K, reserved 1048576K
}
Event: 902.929 GC heap before
{Heap before GC invocations=43 (full 2):
 garbage-first heap   total 129024K, used 114163K [0x0000000083600000, 0x0000000100000000)
  region size 1024K, 58 young (59392K), 6 survivors (6144K)
 Metaspace       used 88569K, committed 89408K, reserved 1179648K
  class space    used 12718K, committed 13120K, reserved 1048576K
}
Event: 902.938 GC heap after
{Heap after GC invocations=44 (full 2):
 garbage-first heap   total 129024K, used 63205K [0x0000000083600000, 0x0000000100000000)
  region size 1024K, 5 young (5120K), 5 survivors (5120K)
 Metaspace       used 88569K, committed 89408K, reserved 1179648K
  class space    used 12718K, committed 13120K, reserved 1048576K
}

Dll operation events (12 events):
Event: 0.007 Loaded shared library C:\pleiades\2023-09\java\21\bin\java.dll
Event: 0.214 Loaded shared library C:\pleiades\2023-09\java\21\bin\zip.dll
Event: 0.221 Loaded shared library C:\pleiades\2023-09\java\21\bin\instrument.dll
Event: 0.225 Loaded shared library C:\pleiades\2023-09\java\21\bin\net.dll
Event: 0.226 Loaded shared library C:\pleiades\2023-09\java\21\bin\nio.dll
Event: 0.230 Loaded shared library C:\pleiades\2023-09\java\21\bin\zip.dll
Event: 0.369 Loaded shared library C:\pleiades\2023-09\java\21\bin\jimage.dll
Event: 0.413 Loaded shared library C:\pleiades\2023-09\java\21\bin\management.dll
Event: 0.422 Loaded shared library C:\pleiades\2023-09\java\21\bin\management_ext.dll
Event: 0.595 Loaded shared library C:\pleiades\2023-09\java\21\bin\verify.dll
Event: 0.697 Loaded shared library C:\pleiades\2023-09\java\21\bin\extnet.dll
Event: 2.013 Loaded shared library C:\pleiades\2023-09\java\21\bin\sunmscapi.dll

Deoptimization events (20 events):
Event: 1002.875 Thread 0x0000027a95b42460 DEOPT PACKING pc=0x0000027a445192bc sp=0x000000fb4d1fc780
Event: 1002.875 Thread 0x0000027a95b42460 DEOPT UNPACKING pc=0x0000027a439388e2 sp=0x000000fb4d1fbca8 mode 1
Event: 1002.875 Thread 0x0000027a95b42460 DEOPT PACKING pc=0x0000027a4447906c sp=0x000000fb4d1fc6c0
Event: 1002.875 Thread 0x0000027a95b42460 DEOPT UNPACKING pc=0x0000027a439388e2 sp=0x000000fb4d1fbc28 mode 1
Event: 1002.875 Thread 0x0000027a95b42460 DEOPT PACKING pc=0x0000027a4447906c sp=0x000000fb4d1fc6c0
Event: 1002.875 Thread 0x0000027a95b42460 DEOPT UNPACKING pc=0x0000027a439388e2 sp=0x000000fb4d1fbc28 mode 1
Event: 1002.875 Thread 0x0000027a95b42460 DEOPT PACKING pc=0x0000027a4447906c sp=0x000000fb4d1fc6c0
Event: 1002.875 Thread 0x0000027a95b42460 DEOPT UNPACKING pc=0x0000027a439388e2 sp=0x000000fb4d1fbc28 mode 1
Event: 1002.875 Thread 0x0000027a95b42460 DEOPT PACKING pc=0x0000027a4447906c sp=0x000000fb4d1fc6c0
Event: 1002.875 Thread 0x0000027a95b42460 DEOPT UNPACKING pc=0x0000027a439388e2 sp=0x000000fb4d1fbc28 mode 1
Event: 1002.875 Thread 0x0000027a95b42460 DEOPT PACKING pc=0x0000027a4447906c sp=0x000000fb4d1fc6c0
Event: 1002.875 Thread 0x0000027a95b42460 DEOPT UNPACKING pc=0x0000027a439388e2 sp=0x000000fb4d1fbc28 mode 1
Event: 1002.875 Thread 0x0000027a95b42460 DEOPT PACKING pc=0x0000027a4447906c sp=0x000000fb4d1fc6c0
Event: 1002.875 Thread 0x0000027a95b42460 DEOPT UNPACKING pc=0x0000027a439388e2 sp=0x000000fb4d1fbc28 mode 1
Event: 1045.769 Thread 0x0000027a9598c4f0 DEOPT PACKING pc=0x0000027a4470e2c4 sp=0x000000fb4d6f9f10
Event: 1045.769 Thread 0x0000027a9598c4f0 DEOPT UNPACKING pc=0x0000027a439388e2 sp=0x000000fb4d6f93b8 mode 0
Event: 1045.771 Thread 0x0000027a9598df30 DEOPT PACKING pc=0x0000027a4470e2c4 sp=0x000000fb4dcf8300
Event: 1045.771 Thread 0x0000027a9598df30 DEOPT UNPACKING pc=0x0000027a439388e2 sp=0x000000fb4dcf77a8 mode 0
Event: 1045.773 Thread 0x0000027a95b41740 DEOPT PACKING pc=0x0000027a4470e2c4 sp=0x000000fb4e0f7d30
Event: 1045.773 Thread 0x0000027a95b41740 DEOPT UNPACKING pc=0x0000027a439388e2 sp=0x000000fb4e0f71d8 mode 0

Classes loaded (20 events):
Event: 546.005 Loading class java/util/stream/ReduceOps$6ReducingSink
Event: 546.005 Loading class java/util/stream/ReduceOps$6ReducingSink done
Event: 546.005 Loading class java/util/stream/ReferencePipeline$4$1
Event: 546.005 Loading class java/util/stream/ReferencePipeline$4$1 done
Event: 546.016 Loading class java/lang/Throwable$WrappedPrintWriter
Event: 546.016 Loading class java/lang/Throwable$WrappedPrintWriter done
Event: 612.622 Loading class java/util/concurrent/locks/AbstractQueuedSynchronizer$SharedNode
Event: 612.622 Loading class java/util/concurrent/locks/AbstractQueuedSynchronizer$SharedNode done
Event: 617.636 Loading class javax/management/NotificationBroadcasterSupport$WildcardListenerInfo
Event: 617.636 Loading class javax/management/NotificationBroadcasterSupport$WildcardListenerInfo done
Event: 619.939 Loading class java/io/FileOutputStream$1
Event: 619.939 Loading class java/io/FileOutputStream$1 done
Event: 620.027 Loading class java/lang/ref/Finalizer$2
Event: 620.027 Loading class java/lang/ref/Finalizer$2 done
Event: 620.028 Loading class java/lang/ref/Finalizer$1
Event: 620.028 Loading class java/lang/ref/Finalizer$1 done
Event: 625.953 Loading class java/time/DurationEditor
Event: 625.953 Loading class java/time/DurationEditor done
Event: 902.022 Loading class java/time/DurationEditor
Event: 902.022 Loading class java/time/DurationEditor done

Classes unloaded (20 events):
Event: 900.189 Thread 0x0000027a4c386ce0 Unloading class 0x0000027a4e90cc00 'java/lang/invoke/LambdaForm$MH+0x0000027a4e90cc00'
Event: 900.189 Thread 0x0000027a4c386ce0 Unloading class 0x0000027a4ea6c800 'java/lang/invoke/LambdaForm$MH+0x0000027a4ea6c800'
Event: 900.189 Thread 0x0000027a4c386ce0 Unloading class 0x0000027a4ea90800 'java/lang/invoke/LambdaForm$MH+0x0000027a4ea90800'
Event: 900.189 Thread 0x0000027a4c386ce0 Unloading class 0x0000027a4eac0400 'java/lang/invoke/LambdaForm$MH+0x0000027a4eac0400'
Event: 900.189 Thread 0x0000027a4c386ce0 Unloading class 0x0000027a4eac0c00 'java/lang/invoke/LambdaForm$MH+0x0000027a4eac0c00'
Event: 900.189 Thread 0x0000027a4c386ce0 Unloading class 0x0000027a4ead0000 'java/lang/invoke/LambdaForm$MH+0x0000027a4ead0000'
Event: 900.189 Thread 0x0000027a4c386ce0 Unloading class 0x0000027a4ead2000 'java/lang/invoke/LambdaForm$MH+0x0000027a4ead2000'
Event: 900.189 Thread 0x0000027a4c386ce0 Unloading class 0x0000027a4eaf0000 'java/lang/invoke/LambdaForm$MH+0x0000027a4eaf0000'
Event: 900.189 Thread 0x0000027a4c386ce0 Unloading class 0x0000027a4eafd000 'java/lang/invoke/LambdaForm$MH+0x0000027a4eafd000'
Event: 900.189 Thread 0x0000027a4c386ce0 Unloading class 0x0000027a4eafec00 'java/lang/invoke/LambdaForm$MH+0x0000027a4eafec00'
Event: 900.189 Thread 0x0000027a4c386ce0 Unloading class 0x0000027a4eb24c00 'java/lang/invoke/LambdaForm$MH+0x0000027a4eb24c00'
Event: 900.189 Thread 0x0000027a4c386ce0 Unloading class 0x0000027a4eb8c800 'java/lang/invoke/LambdaForm$MH+0x0000027a4eb8c800'
Event: 900.189 Thread 0x0000027a4c386ce0 Unloading class 0x0000027a4eb8d000 'java/lang/invoke/LambdaForm$MH+0x0000027a4eb8d000'
Event: 900.189 Thread 0x0000027a4c386ce0 Unloading class 0x0000027a4ebd0400 'java/lang/invoke/LambdaForm$BMH+0x0000027a4ebd0400'
Event: 900.189 Thread 0x0000027a4c386ce0 Unloading class 0x0000027a4ebd1800 'java/lang/invoke/LambdaForm$MH+0x0000027a4ebd1800'
Event: 900.189 Thread 0x0000027a4c386ce0 Unloading class 0x0000027a4ec0d400 'java/lang/invoke/LambdaForm$MH+0x0000027a4ec0d400'
Event: 900.189 Thread 0x0000027a4c386ce0 Unloading class 0x0000027a4ec0e000 'java/lang/invoke/LambdaForm$MH+0x0000027a4ec0e000'
Event: 900.189 Thread 0x0000027a4c386ce0 Unloading class 0x0000027a4e4a8000 'java/lang/invoke/LambdaForm$MH+0x0000027a4e4a8000'
Event: 900.189 Thread 0x0000027a4c386ce0 Unloading class 0x0000027a4e180800 'java/lang/invoke/LambdaForm$MH+0x0000027a4e180800'
Event: 900.189 Thread 0x0000027a4c386ce0 Unloading class 0x0000027a4e0c9c00 'java/lang/invoke/LambdaForm$MH+0x0000027a4e0c9c00'

Classes redefined (6 events):
Event: 611.901 Thread 0x0000027a4c386ce0 redefined class name=org.example.reservation.controller.ManageController, count=1
Event: 890.811 Thread 0x0000027a4c386ce0 redefined class name=org.example.reservation.controller.ManageController, count=2
Event: 890.811 Thread 0x0000027a4c386ce0 redefined class name=org.example.reservation.controller.ManageController, count=1
Event: 1045.808 Thread 0x0000027a4c386ce0 redefined class name=org.example.reservation.controller.ManageController, count=1
Event: 1045.808 Thread 0x0000027a4c386ce0 redefined class name=org.example.reservation.controller.ManageController, count=3
Event: 1045.808 Thread 0x0000027a4c386ce0 redefined class name=org.example.reservation.controller.ManageController, count=2

Internal exceptions (20 events):
Event: 899.460 Thread 0x0000027a92a1ab90 Exception <a 'sun/nio/fs/WindowsException'{0x000000008b3908c0}> (0x000000008b3908c0) 
thrown [s\src\hotspot\share\prims\jni.cpp, line 520]
Event: 899.580 Thread 0x0000027a92a18430 Exception <a 'java/lang/NoClassDefFoundError'{0x000000008ab5d700}: org/glassfish/jersey/server/monitoring/ApplicationEventListener> (0x000000008ab5d700) 
thrown [s\src\hotspot\share\classfile\systemDictionary.cpp, line 301]
Event: 899.982 Thread 0x0000027a92a1ab90 Exception <a 'java/lang/NoClassDefFoundError'{0x0000000088642480}: org/flywaydb/core/Flyway> (0x0000000088642480) 
thrown [s\src\hotspot\share\oops\constantPool.cpp, line 871]
Event: 899.984 Thread 0x0000027a92a1ab90 Exception <a 'java/lang/NoClassDefFoundError'{0x0000000088642ae0}: liquibase/integration/spring/SpringLiquibase> (0x0000000088642ae0) 
thrown [s\src\hotspot\share\oops\constantPool.cpp, line 871]
Event: 899.989 Thread 0x0000027a92a1ab90 Exception <a 'java/lang/NoClassDefFoundError'{0x0000000088670870}: org/springframework/batch/core/repository/JobRepository> (0x0000000088670870) 
thrown [s\src\hotspot\share\oops\constantPool.cpp, line 871]
Event: 899.992 Thread 0x0000027a92a1ab90 Exception <a 'java/lang/NoClassDefFoundError'{0x0000000088670ec8}: org/quartz/Scheduler> (0x0000000088670ec8) 
thrown [s\src\hotspot\share\oops\constantPool.cpp, line 871]
Event: 899.994 Thread 0x0000027a92a1ab90 Exception <a 'java/lang/NoClassDefFoundError'{0x0000000088671548}: org/springframework/session/jdbc/JdbcIndexedSessionRepository> (0x0000000088671548) 
thrown [s\src\hotspot\share\oops\constantPool.cpp, line 871]
Event: 900.000 Thread 0x0000027a92a1ab90 Exception <a 'java/lang/NoClassDefFoundError'{0x00000000886fd050}: org/jooq/DSLContext> (0x00000000886fd050) 
thrown [s\src\hotspot\share\oops\constantPool.cpp, line 871]
Event: 900.021 Thread 0x0000027a92a1ab90 Exception <a 'java/lang/ArrayIndexOutOfBoundsException'{0x0000000088302800}: Index 13 out of bounds for length 13> (0x0000000088302800) 
thrown [s\src\hotspot\share\interpreter\interpreterRuntime.cpp, line 439]
Event: 900.021 Thread 0x0000027a92a1ab90 Exception <a 'java/lang/ArrayIndexOutOfBoundsException'{0x0000000088302dd8}: Index 13 out of bounds for length 13> (0x0000000088302dd8) 
thrown [s\src\hotspot\share\interpreter\interpreterRuntime.cpp, line 439]
Event: 900.024 Thread 0x0000027a92a1ab90 Exception <a 'java/lang/ArrayIndexOutOfBoundsException'{0x0000000088344e88}: Index 21 out of bounds for length 21> (0x0000000088344e88) 
thrown [s\src\hotspot\share\interpreter\interpreterRuntime.cpp, line 439]
Event: 900.024 Thread 0x0000027a92a1ab90 Exception <a 'java/lang/ArrayIndexOutOfBoundsException'{0x0000000088345460}: Index 21 out of bounds for length 21> (0x0000000088345460) 
thrown [s\src\hotspot\share\interpreter\interpreterRuntime.cpp, line 439]
Event: 900.157 Thread 0x0000027a92a1ab90 Exception <a 'java/io/FileNotFoundException'{0x000000008b2682c8}> (0x000000008b2682c8) 
thrown [s\src\hotspot\share\prims\jni.cpp, line 520]
Event: 900.342 Thread 0x0000027a92a1ab90 Exception <a 'java/lang/NoSuchMethodError'{0x000000008a482958}: static Lorg/springframework/security/web/csrf/DefaultCsrfToken;.<clinit>()V> (0x000000008a482958) 
thrown [s\src\hotspot\share\prims\jni.cpp, line 1106]
Event: 900.344 Thread 0x0000027a92a1ab90 Exception <a 'java/lang/NoSuchMethodError'{0x000000008a49b7b0}: static Lorg/springframework/security/authentication/AbstractAuthenticationToken;.<clinit>()V> (0x000000008a49b7b0) 
thrown [s\src\hotspot\share\prims\jni.cpp, line 1106]
Event: 900.665 Thread 0x0000027a92a1ab90 Exception <a 'java/lang/NoSuchMethodError'{0x00000000891abfd0}: 'long java.lang.invoke.DelegatingMethodHandle$Holder.reinvoke_L(java.lang.Object, java.lang.Object)'> (0x00000000891abfd0) 
thrown [s\src\hotspot\share\interpreter\linkResolver.cpp, line 773]
Event: 900.665 Thread 0x0000027a92a1ab90 Exception <a 'java/lang/NoSuchMethodError'{0x00000000891b2890}: 'void java.lang.invoke.DelegatingMethodHandle$Holder.reinvoke_L(java.lang.Object, java.lang.Object, long)'> (0x00000000891b2890) 
thrown [s\src\hotspot\share\interpreter\linkResolver.cpp, line 773]
Event: 902.023 Thread 0x0000027a92a1ab90 Exception <a 'java/lang/NoSuchMethodError'{0x000000008965f238}: 'void java.lang.invoke.DelegatingMethodHandle$Holder.reinvoke_L(java.lang.Object, java.lang.Object, int)'> (0x000000008965f238) 
thrown [s\src\hotspot\share\interpreter\linkResolver.cpp, line 773]
Event: 903.243 Thread 0x0000027a92a19150 Exception <a 'java/lang/NoSuchMethodError'{0x0000000089fe97b0}: static [B.<clinit>()V> (0x0000000089fe97b0) 
thrown [s\src\hotspot\share\prims\jni.cpp, line 1106]
Event: 903.458 Thread 0x0000027a92a1ab90 Exception <a 'java/lang/IncompatibleClassChangeError'{0x0000000089990570}: Found class java.lang.Object, but interface was expected> (0x0000000089990570) 
thrown [s\src\hotspot\share\interpreter\linkResolver.cpp, line 840]

ZGC Phase Switch (0 events):
No events

VM Operations (20 events):
Event: 1045.937 Executing VM operation: ChangeSingleStep
Event: 1045.937 Executing VM operation: ChangeSingleStep done
Event: 1045.937 Executing VM operation: ChangeSingleStep
Event: 1045.937 Executing VM operation: ChangeSingleStep done
Event: 1045.938 Executing VM operation: ChangeSingleStep
Event: 1045.938 Executing VM operation: ChangeSingleStep done
Event: 1045.938 Executing VM operation: ChangeSingleStep
Event: 1045.938 Executing VM operation: ChangeSingleStep done
Event: 1045.940 Executing VM operation: ChangeSingleStep
Event: 1045.940 Executing VM operation: ChangeSingleStep done
Event: 1045.940 Executing VM operation: ChangeSingleStep
Event: 1045.940 Executing VM operation: ChangeSingleStep done
Event: 1045.941 Executing VM operation: ChangeSingleStep
Event: 1045.941 Executing VM operation: ChangeSingleStep done
Event: 1045.941 Executing VM operation: ChangeSingleStep
Event: 1045.941 Executing VM operation: ChangeSingleStep done
Event: 1045.942 Executing VM operation: ChangeSingleStep
Event: 1045.942 Executing VM operation: ChangeSingleStep done
Event: 1045.943 Executing VM operation: ChangeSingleStep
Event: 1045.943 Executing VM operation: ChangeSingleStep done

Events (20 events):
Event: 903.239 Thread 0x0000027a96075820 Thread added: 0x0000027a96075820
Event: 903.240 Thread 0x0000027a96072a30 Thread added: 0x0000027a96072a30
Event: 903.244 Thread 0x0000027a96074b00 Thread added: 0x0000027a96074b00
Event: 903.251 Thread 0x0000027a96074b00 Thread exited: 0x0000027a96074b00
Event: 903.251 Thread 0x0000027a96072a30 Thread exited: 0x0000027a96072a30
Event: 903.254 Thread 0x0000027a96075eb0 Thread added: 0x0000027a96075eb0
Event: 903.257 Thread 0x0000027a96075eb0 Thread exited: 0x0000027a96075eb0
Event: 903.471 Thread 0x0000027a92a1ab90 Thread exited: 0x0000027a92a1ab90
Event: 903.471 Thread 0x0000027a92a1b220 Thread exited: 0x0000027a92a1b220
Event: 906.302 Thread 0x0000027a9598b140 Thread exited: 0x0000027a9598b140
Event: 977.989 Thread 0x0000027a94f24720 Thread added: 0x0000027a94f24720
Event: 978.261 Thread 0x0000027a9606ef20 Thread exited: 0x0000027a9606ef20
Event: 983.054 Thread 0x0000027a94f24720 Thread exited: 0x0000027a94f24720
Event: 991.290 Thread 0x0000027a92a19150 Thread exited: 0x0000027a92a19150
Event: 991.290 Thread 0x0000027a96075820 Thread exited: 0x0000027a96075820
Event: 1002.868 Thread 0x0000027a96073750 Thread added: 0x0000027a96073750
Event: 1002.869 Thread 0x0000027a94f24720 Thread added: 0x0000027a94f24720
Event: 1002.869 Thread 0x0000027a9377e2e0 Thread added: 0x0000027a9377e2e0
Event: 1004.938 Thread 0x0000027a9377e2e0 Thread exited: 0x0000027a9377e2e0
Event: 1014.780 Thread 0x0000027a94f24720 Thread exited: 0x0000027a94f24720


Dynamic libraries:
0x00007ff6bda60000 - 0x00007ff6bda6e000 	C:\pleiades\2023-09\java\21\bin\javaw.exe
0x00007ff933a30000 - 0x00007ff933c46000 	C:\WINDOWS\SYSTEM32\ntdll.dll
0x00007ff9328b0000 - 0x00007ff932974000 	C:\WINDOWS\System32\KERNEL32.DLL
0x00007ff930ee0000 - 0x00007ff931286000 	C:\WINDOWS\System32\KERNELBASE.dll
0x00007ff9314d0000 - 0x00007ff9315e1000 	C:\WINDOWS\System32\ucrtbase.dll
0x00007ff9191b0000 - 0x00007ff9191c8000 	C:\pleiades\2023-09\java\21\bin\jli.dll
0x00007ff91b230000 - 0x00007ff91b24b000 	C:\pleiades\2023-09\java\21\bin\VCRUNTIME140.dll
0x00007ff932cd0000 - 0x00007ff932e7d000 	C:\WINDOWS\System32\USER32.dll
0x00007ff931290000 - 0x00007ff9312b6000 	C:\WINDOWS\System32\win32u.dll
0x00007ff9319e0000 - 0x00007ff931a09000 	C:\WINDOWS\System32\GDI32.dll
0x00007ff902f30000 - 0x00007ff9031c3000 	C:\WINDOWS\WinSxS\amd64_microsoft.windows.common-controls_6595b64144ccf1df_6.0.22621.3235_none_270f74e173860f98\COMCTL32.dll
0x00007ff9313b0000 - 0x00007ff9314c8000 	C:\WINDOWS\System32\gdi32full.dll
0x00007ff9315f0000 - 0x00007ff93168a000 	C:\WINDOWS\System32\msvcp_win.dll
0x00007ff932e80000 - 0x00007ff932f27000 	C:\WINDOWS\System32\msvcrt.dll
0x00007ff932710000 - 0x00007ff932741000 	C:\WINDOWS\System32\IMM32.DLL
0x00007ff91b9b0000 - 0x00007ff91b9bc000 	C:\pleiades\2023-09\java\21\bin\vcruntime140_1.dll
0x00007ff911440000 - 0x00007ff9114cd000 	C:\pleiades\2023-09\java\21\bin\msvcp140.dll
0x00007ff8cdab0000 - 0x00007ff8ce83c000 	C:\pleiades\2023-09\java\21\bin\server\jvm.dll
0x00007ff931890000 - 0x00007ff931942000 	C:\WINDOWS\System32\ADVAPI32.dll
0x00007ff931780000 - 0x00007ff931828000 	C:\WINDOWS\System32\sechost.dll
0x00007ff931690000 - 0x00007ff9316b8000 	C:\WINDOWS\System32\bcrypt.dll
0x00007ff932bb0000 - 0x00007ff932cc5000 	C:\WINDOWS\System32\RPCRT4.dll
0x00007ff931b80000 - 0x00007ff931bf1000 	C:\WINDOWS\System32\WS2_32.dll
0x00007ff930c40000 - 0x00007ff930c8d000 	C:\WINDOWS\SYSTEM32\POWRPROF.dll
0x00007ff929970000 - 0x00007ff9299a4000 	C:\WINDOWS\SYSTEM32\WINMM.dll
0x00007ff9272e0000 - 0x00007ff9272ea000 	C:\WINDOWS\SYSTEM32\VERSION.dll
0x00007ff930c20000 - 0x00007ff930c33000 	C:\WINDOWS\SYSTEM32\UMPDC.dll
0x00007ff92fdb0000 - 0x00007ff92fdc8000 	C:\WINDOWS\SYSTEM32\kernel.appcore.dll
0x00007ff91b8d0000 - 0x00007ff91b8da000 	C:\pleiades\2023-09\java\21\bin\jimage.dll
0x00007ff92e860000 - 0x00007ff92ea93000 	C:\WINDOWS\SYSTEM32\DBGHELP.DLL
0x00007ff9335d0000 - 0x00007ff933958000 	C:\WINDOWS\System32\combase.dll
0x00007ff932ac0000 - 0x00007ff932b97000 	C:\WINDOWS\System32\OLEAUT32.dll
0x00007ff919f80000 - 0x00007ff919fb2000 	C:\WINDOWS\SYSTEM32\dbgcore.DLL
0x00007ff9312c0000 - 0x00007ff93133a000 	C:\WINDOWS\System32\bcryptPrimitives.dll
0x00007ff919170000 - 0x00007ff9191ac000 	C:\pleiades\2023-09\java\21\bin\jdwp.dll
0x00007ff91b700000 - 0x00007ff91b70e000 	C:\pleiades\2023-09\java\21\bin\instrument.dll
0x00007ff919150000 - 0x00007ff91916f000 	C:\pleiades\2023-09\java\21\bin\java.dll
0x00007ff931d10000 - 0x00007ff93256d000 	C:\WINDOWS\System32\SHELL32.dll
0x00007ff92ecd0000 - 0x00007ff92f5c8000 	C:\WINDOWS\SYSTEM32\windows.storage.dll
0x00007ff92eb90000 - 0x00007ff92ecce000 	C:\WINDOWS\SYSTEM32\wintypes.dll
0x00007ff931a80000 - 0x00007ff931b73000 	C:\WINDOWS\System32\SHCORE.dll
0x00007ff931830000 - 0x00007ff93188e000 	C:\WINDOWS\System32\shlwapi.dll
0x00007ff930ca0000 - 0x00007ff930cc6000 	C:\WINDOWS\SYSTEM32\profapi.dll
0x00007ff91b4c0000 - 0x00007ff91b4cc000 	C:\pleiades\2023-09\java\21\bin\dt_socket.dll
0x00007ff92f830000 - 0x00007ff92f85d000 	C:\WINDOWS\SYSTEM32\IPHLPAPI.DLL
0x00007ff930230000 - 0x00007ff930299000 	C:\WINDOWS\system32\mswsock.dll
0x00007ff92f8a0000 - 0x00007ff92f999000 	C:\WINDOWS\SYSTEM32\DNSAPI.dll
0x00007ff932ba0000 - 0x00007ff932ba9000 	C:\WINDOWS\System32\NSI.dll
0x00007ff906090000 - 0x00007ff90609a000 	C:\Windows\System32\rasadhlp.dll
0x00007ff928050000 - 0x00007ff9280d3000 	C:\WINDOWS\System32\fwpuclnt.dll
0x00007ff919130000 - 0x00007ff919148000 	C:\pleiades\2023-09\java\21\bin\zip.dll
0x00007ff91b100000 - 0x00007ff91b110000 	C:\pleiades\2023-09\java\21\bin\net.dll
0x00007ff929e30000 - 0x00007ff929f67000 	C:\WINDOWS\SYSTEM32\WINHTTP.dll
0x00007ff917500000 - 0x00007ff917516000 	C:\pleiades\2023-09\java\21\bin\nio.dll
0x00007ff91a050000 - 0x00007ff91a059000 	C:\pleiades\2023-09\java\21\bin\management.dll
0x00007ff918f10000 - 0x00007ff918f1b000 	C:\pleiades\2023-09\java\21\bin\management_ext.dll
0x00007ff932ab0000 - 0x00007ff932ab8000 	C:\WINDOWS\System32\PSAPI.DLL
0x00007ff91a8f0000 - 0x00007ff91a907000 	C:\WINDOWS\system32\napinsp.dll
0x00007ff91a910000 - 0x00007ff91a92b000 	C:\WINDOWS\system32\pnrpnsp.dll
0x00007ff91a930000 - 0x00007ff91a941000 	C:\WINDOWS\System32\winrnr.dll
0x00007ff91a950000 - 0x00007ff91a971000 	C:\WINDOWS\system32\nlansp_c.dll
0x00007ff929120000 - 0x00007ff929135000 	C:\WINDOWS\system32\wshbth.dll
0x00007ff913a80000 - 0x00007ff913a90000 	C:\pleiades\2023-09\java\21\bin\verify.dll
0x00007ff930480000 - 0x00007ff93049b000 	C:\WINDOWS\SYSTEM32\CRYPTSP.dll
0x00007ff92fd10000 - 0x00007ff92fd45000 	C:\WINDOWS\system32\rsaenh.dll
0x00007ff930320000 - 0x00007ff93034c000 	C:\WINDOWS\SYSTEM32\USERENV.dll
0x00007ff9304a0000 - 0x00007ff9304ac000 	C:\WINDOWS\SYSTEM32\CRYPTBASE.dll
0x00007ff912ad0000 - 0x00007ff912ad7000 	C:\pleiades\2023-09\java\21\bin\extnet.dll
0x00007ff911ab0000 - 0x00007ff911abe000 	C:\pleiades\2023-09\java\21\bin\sunmscapi.dll
0x00007ff930d70000 - 0x00007ff930ed6000 	C:\WINDOWS\System32\CRYPT32.dll
0x00007ff930640000 - 0x00007ff93066e000 	C:\WINDOWS\SYSTEM32\ncrypt.dll
0x00007ff930600000 - 0x00007ff930637000 	C:\WINDOWS\SYSTEM32\NTASN1.dll
0x00007ff92bad0000 - 0x00007ff92bad8000 	C:\WINDOWS\system32\wshunix.dll

dbghelp: loaded successfully - version: 4.0.5 - missing functions: none
symbol engine: initialized successfully - sym options: 0x614 - pdb path: .;C:\pleiades\2023-09\java\21\bin;C:\WINDOWS\SYSTEM32;C:\WINDOWS\WinSxS\amd64_microsoft.windows.common-controls_6595b64144ccf1df_6.0.22621.3235_none_270f74e173860f98;C:\pleiades\2023-09\java\21\bin\server

VM Arguments:
jvm_args: -XX:+ShowCodeDetailsInExceptionMessages -agentlib:jdwp=transport=dt_socket,suspend=y,address=localhost:61560 -Dcom.sun.management.jmxremote -Dcom.sun.management.jmxremote.port=61559 -Dcom.sun.management.jmxremote.authenticate=false -Dcom.sun.management.jmxremote.ssl=false -Djava.rmi.server.hostname=localhost -Dspring.jmx.enabled=true -Dmanagement.endpoints.jmx.exposure.include=* -Dspring.application.admin.enabled=true -XX:TieredStopAtLevel=1 -Dspring.boot.project.name=reservation -javaagent:C:\pleiades\2023-09\eclipse\configuration\org.eclipse.osgi\252\0\.cp\lib\javaagent-shaded.jar -Dfile.encoding=UTF-8 -Dstdout.encoding=UTF-8 -Dstderr.encoding=UTF-8 
java_command: org.example.reservation.ReservationApplication --spring.output.ansi.enabled=always
java_class_path (initial): C:\Users\3030742\git\reservation\bin\main;C:\Users\3030742\.gradle\caches\modules-2\files-2.1\org.projectlombok\lombok\1.18.30\f195ee86e6c896ea47a1d39defbe20eb59cd149d\lombok-1.18.30.jar;C:\Users\3030742\.gradle\caches\modules-2\files-2.1\org.springframework.boot\spring-boot-starter-data-jpa\3.2.3\1fd0770b23c57627e5a37726fb4060f5bfa4da6f\spring-boot-starter-data-jpa-3.2.3.jar;C:\Users\3030742\.gradle\caches\modules-2\files-2.1\org.springframework.boot\spring-boot-starter-security\3.2.3\f6353a8e62be7372b3968ab71e613b5188d55c3b\spring-boot-starter-security-3.2.3.jar;C:\Users\3030742\.gradle\caches\modules-2\files-2.1\org.springframework.boot\spring-boot-starter-thymeleaf\3.2.3\dbb434ce42b99f0685963d0a5824cd8f3835a1ac\spring-boot-starter-thymeleaf-3.2.3.jar;C:\Users\3030742\.gradle\caches\modules-2\files-2.1\org.springframework.boot\spring-boot-starter-validation\3.2.3\6bb79fe1a0760b5cec37bd85e31bd4cc987c8185\spring-boot-starter-validation-3.2.3.jar;C:\Users\3030742\.gradle\caches\modules-2\files-2.1\org.springframework.boot\spring-boot-starter-web\3.2.3\bf2b775d4f4e6349129c64de30939a5493779706\spring-boot-starter-web-3.2.3.jar;C:\Users\3030742\.gradle\caches\modules-2\files-2.1\org.thymeleaf.extras\thymeleaf-extras-springsecurity6\3.1.2.RELEASE\574c188eb147191e2f162419e9fc780fcf3256d7\thymeleaf-extras-springsecurity6-3.1.2.RELEASE.jar;C:\Users\3030742\.gradle\caches\modules-2\files-2.1\org.springframework.boot\spring-boot-starter-actuator\3.2.3\ccd73fa4c26fd504fe3b2a6af618770f8689a4a8\spring-boot-starter-actuator-3.2.3.jar;C:\Users\3030742\.gradle\caches\modules-2\files-2.1\org.modelmapper\modelmapper\3.0.0\476892f4b77c03e7e7813fdba8840921d79bf2a2\modelmapper-3.0.0.jar;C:\Users\3030742\.gradle\caches\modules-2\files-2.1\org.springframework.boot\spring-boot-starter-aop\3.2.3\db8d799efd6cacd3bd134d471c3f983cbc1a137\spring-boot-starter-aop-3.2.3.jar;C:\Users\3030742\.gradle\caches\modules-2\files-2.1\org.springframework.boot\spring-boot-starter-jdbc\3.2.3\4c3632af95417c28c45342b08353ccaecaacbf3\spring-boot-starter-jdbc-3.2.3.jar;C:\Users\3030742\.gradle\caches\modules-2\files-2.1\org.hibernate.orm\hibernate-core\6.4.4.Final\5c9decb3c5a70bf7801d41fc32633416c26be069\hibernate-core-6.4.4.Final.jar;C:\Users\3030742\.gradle\caches\modules-2\files-2.1\org.springframework.data\spring-data-jpa\3.2.3\ae734906f5fb1e1892da7ab48acb6d0e0d407673\spring-data-jpa-3.2.3.jar;C:\Users\3030742\.gradle\caches\modules-2\files-2.1\org.springframework\spring-aspects\6.1.4\2b1b5c0f9f639d0317b9f7c20c07f90b49fee6fb\spring-aspects-6.1.4.jar;C:\Users\3030742\.gradle\caches\modules-2\files-2.1\org.springframework.boot\spring-boot-starter-json\3.2.3\c71ec683425f09b7a213358d3b22959d929d1108\spring-boot-starter-json-3.2.3.jar;C:\Users\3030742\.gradle\caches\modules-2\files-2.1\org.springframework.boot\spring-boot-starter\3.2.3\15f3e03b0fd9570f90bdce9651610cc152534cf4\spring-boot-starter-3.2.3.jar;C:\Users\3030742\.gradle\caches\modules-2\files-2.1\org.springframework.security\spring-security-config\6.2.2\e1e3d332d9268aca2ce321be73215222f9a721f\spring-security-config-6.2.2.jar;C:\Users\3030742\.gradle\caches\modules-2\files-2.1\org.springframework.security\spring-security-web\6.2.2\ad30f4614a6e88a1ac7e0b1e701d950d7bcda143\spring-security-web-6.2.2.jar;C:\Users\3030742\.gradle\caches\modules-2\files-2.1\org.springframework\spring-webmvc\6.1.4\e7aad7c53e05c8772209e915029e121262a7bc33\spring-webmvc-6.1.4.jar;C:\Users\3030742\.gradle\caches\modules-2\files-2.1\org.springframework.boot\spring-boot-actuator-autoconfigure\3.2.3\74af39b7830e781e9021c5f56c86298d3cda9e2c\spring-boot-actuator-autoconfigure-3.2.3.jar;C:\Users\3030742\.gradle\caches\modules-2\files-2.1\org.springframework.boot\spring-boot-autoconfigure\3.2.3\59db74eb4196885bb5a149417ab1ab51dc9b6952\spring-boot-autoconfigure-3.2.3.jar;C:\Users\3030742\.gradle\caches\modules-2\files-2.1\org.springframework.boot\spring-boot-actuator\3.2.3\214e6577734f72724e55c8f3730c8ceed3258f6f\spring-boot-actuator-3.2.3.jar;C:\Users\3030742\.gradle\caches\modules-2\files-2.1\org.springframework.boot\spring-boot\3.2.3\b4aa6e3fdc4078fee4a4b9d702d9cc64e3fad1d4\spring-boot-3.2.3.jar;C:\Users\3030742\.gradle\caches\modules-2\files-2.1\org.springframework.security\spring-security-core\6.2.2\8cf7e96179c6f253ab36f76ebb24538a7e619f49\spring-security-core-6.2.2.jar;C:\Users\3030742\.gradle\caches\modules-2\files-2.1\org.springframework\spring-context\6.1.4\765316bef55e41e4523f9b2780b8721ce5dd0fe2\spring-context-6.1.4.jar;C:\Users\3030742\.gradle\caches\modules-2\files-2.1\org.springframework\spring-aop\6.1.4\26ae2c9e7f69b0235a2faca1c58416c51eaebef6\spring-aop-6.1.4.jar;C:\Users\3030742\.gradle\caches\modules-2\files-2.1\org.thymeleaf\thymeleaf-spring6\3.1.2.RELEASE\6030c7b4e260c41336f378e53da6e8531263f24b\thymeleaf-spring6-3.1.2.RELEASE.jar;C:\Users\3030742\.gradle\caches\modules-2\files-2.1\org.springframework.boot\spring-boot-starter-tomcat\3.2.3\ac392404d41766194b8fce6834c71879f9e8f479\spring-boot-starter-tomcat-3.2.3.jar;C:\Users\3030742\.gradle\caches\modules-2\files-2.1\org.apache.tomcat.embed\tomcat-embed-el\10.1.19\c61a582c391aca130884a5421deedfe1a96c7415\tomcat-embed-el-10.1.19.jar;C:\Users\3030742\.gradle\caches\modules-2\files-2.1\org.hibernate.validator\hibernate-validator\8.0.1.Final\e49e116b3d3928060599b176b3538bb848718e95\hibernate-validator-8.0.1.Final.jar;C:\Users\3030742\.gradle\caches\modules-2\files-2.1\org.springframework\spring-web\6.1.4\b237532e03330a7cf8f66dc147e62bbbe44c702f\spring-web-6.1.4.jar;C:\Users\3030742\.gradle\caches\modules-2\files-2.1\com.zaxxer\HikariCP\5.0.1\a74c7f0a37046846e88d54f7cb6ea6d565c65f9c\HikariCP-5.0.1.jar;C:\Users\3030742\.gradle\caches\modules-2\files-2.1\org.springframework.data\spring-data-commons\3.2.3\9b09afa13803c321e4b72ef5448e0d93d9f8ca18\spring-data-commons-3.2.3.jar;C:\Users\3030742\.gradle\caches\modules-2\files-2.1\org.thymeleaf\thymeleaf\3.1.2.RELEASE\273997509a4c7aef86cee0521750140c587d9be2\thymeleaf-3.1.2.RELEASE.jar;C:\Users\3030742\.gradle\caches\modules-2\files-2.1\org.springframework.boot\spring-boot-starter-logging\3.2.3\c186015229d7f5cbd30ea99bf903a8cede6d849f\spring-boot-starter-logging-3.2.3.jar;C:\Users\3030742\.gradle\caches\modules-2\files-2.1\ch.qos.logback\logback-classic\1.4.14\d98bc162275134cdf1518774da4a2a17ef6fb94d\logback-classic-1.4.14.jar;C:\Users\3030742\.gradle\caches\modules-2\files-2.1\org.apache.logging.log4j\log4j-to-slf4j\2.21.1\d77b2ba81711ed596cd797cc2b5b5bd7409d841c\log4j-to-slf4j-2.21.1.jar;C:\Users\3030742\.gradle\caches\modules-2\files-2.1\org.slf4j\jul-to-slf4j\2.0.12\eb5f48f782b41cc881b0bf1fb4d88ae2ff6d5b93\jul-to-slf4j-2.0.12.jar;C:\Users\3030742\.gradle\caches\modules-2\files-2.1\org.slf4j\slf4j-api\2.0.12\48f109a2a6d8f446c794f3e3fa0d86df0cdfa312\slf4j-api-2.0.12.jar;C:\Users\3030742\.gradle\caches\modules-2\files-2.1\io.micrometer\micrometer-jakarta9\1.12.3\b034431db33d20d6a65439099fb341c1b5b420c9\micrometer-jakarta9-1.12.3.jar;C:\Users\3030742\.gradle\caches\modules-2\files-2.1\io.micrometer\micrometer-core\1.12.3\9cb0cf6994e12aaa9a756864705c10d9e0af7428\micrometer-core-1.12.3.jar;C:\Users\3030742\.gradle\caches\modules-2\files-2.1\io.micrometer\micrometer-observation\1.12.3\105f768c211564fcebe4d79419bda4ebef0d0ac7\micrometer-observation-1.12.3.jar;C:\Users\3030742\.gradle\caches\modules-2\files-2.1\org.aspectj\aspectjweaver\1.9.21\beaabaea95c7f3330f415c72ee0ffe79b51d172f\aspectjweaver-1.9.21.jar;C:\Users\3030742\.gradle\caches\modules-2\files-2.1\org.springframework\spring-orm\6.1.4\d8119336a38cba3e794bfec7761e2690056affe0\spring-orm-6.1.4.jar;C:\Users\3030742\.gradle\caches\modules-2\files-2.1\org.springframework\spring-jdbc\6.1.4\4e9ac0b228f11a90f6bc647276fdffa7ac0f12fe\spring-jdbc-6.1.4.jar;C:\Users\3030742\.gradle\caches\modules-2\files-2.1\jakarta.persistence\jakarta.persistence-api\3.1.0\66901fa1c373c6aff65c13791cc11da72060a8d6\jakarta.persistence-api-3.1.0.jar;C:\Users\3030742\.gradle\caches\modules-2\files-2.1\jakarta.transaction\jakarta.transaction-api\2.0.1\51a520e3fae406abb84e2e1148e6746ce3f80a1a\jakarta.transaction-api-2.0.1.jar;C:\Users\3030742\.gradle\caches\modules-2\files-2.1\org.springframework\spring-tx\6.1.4\7179b3c7febc0514556ea4e3f1613cacb358078d\spring-tx-6.1.4.jar;C:\Users\3030742\.gradle\caches\modules-2\files-2.1\org.springframework\spring-beans\6.1.4\e311cc9937d522a1051622580b4a2c250fc74164\spring-beans-6.1.4.jar;C:\Users\3030742\.gradle\caches\modules-2\files-2.1\org.springframework\spring-expression\6.1.4\a1f2e3af83c7222b7f95f68a8e0666fdcceb35e1\spring-expression-6.1.4.jar;C:\Users\3030742\.gradle\caches\modules-2\files-2.1\org.springframework\spring-core\6.1.4\3b4dde8f55c3d5d4e948de64b866d7bb27e5a8d4\spring-core-6.1.4.jar;C:\Users\3030742\.gradle\caches\modules-2\files-2.1\org.antlr\antlr4-runtime\4.13.0\5a02e48521624faaf5ff4d99afc88b01686af655\antlr4-runtime-4.13.0.jar;C:\Users\3030742\.gradle\caches\modules-2\files-2.1\jakarta.annotation\jakarta.annotation-api\2.1.1\48b9bda22b091b1f48b13af03fe36db3be6e1ae3\jakarta.annotation-api-2.1.1.jar;C:\Users\3030742\.gradle\caches\modules-2\files-2.1\org.yaml\snakeyaml\2.2\3af797a25458550a16bf89acc8e4ab2b7f2bfce0\snakeyaml-2.2.jar;C:\Users\3030742\.gradle\caches\modules-2\files-2.1\jakarta.validation\jakarta.validation-api\3.0.2\92b6631659ba35ca09e44874d3eb936edfeee532\jakarta.validation-api-3.0.2.jar;C:\Users\3030742\.gradle\caches\modules-2\files-2.1\org.jboss.logging\jboss-logging\3.5.3.Final\c88fc1d8a96d4c3491f55d4317458ccad53ca663\jboss-logging-3.5.3.Final.jar;C:\Users\3030742\.gradle\caches\modules-2\files-2.1\com.fasterxml\classmate\1.6.0\91affab6f84a2182fce5dd72a8d01bc14346dddd\classmate-1.6.0.jar;C:\Users\3030742\.gradle\caches\modules-2\files-2.1\com.fasterxml.jackson.datatype\jackson-datatype-jsr310\2.15.4\7de629770a4559db57128d35ccae7d2fddd35db3\jackson-datatype-jsr310-2.15.4.jar;C:\Users\3030742\.gradle\caches\modules-2\files-2.1\com.fasterxml.jackson.module\jackson-module-parameter-names\2.15.4\e654497a08359db2521b69b5f710e00836915d8c\jackson-module-parameter-names-2.15.4.jar;C:\Users\3030742\.gradle\caches\modules-2\files-2.1\com.fasterxml.jackson.core\jackson-annotations\2.15.4\5223ea5a9bf52cdc9c5e537a0e52f2432eaf208b\jackson-annotations-2.15.4.jar;C:\Users\3030742\.gradle\caches\modules-2\files-2.1\com.fasterxml.jackson.core\jackson-core\2.15.4\aebe84b45360debad94f692a4074c6aceb535fa0\jackson-core-2.15.4.jar;C:\Users\3030742\.gradle\caches\modules-2\files-2.1\com.fasterxml.jackson.datatype\jackson-datatype-jdk8\2.15.4\694777f182334a21bf1aeab1b04cc4398c801f3f\jackson-datatype-jdk8-2.15.4.jar;C:\Users\3030742\.gradle\caches\modules-2\files-2.1\com.fasterxml.jackson.core\jackson-databind\2.15.4\560309fc381f77d4d15c4a4cdaa0db5025c4fd13\jackson-databind-2.15.4.jar;C:\Users\3030742\.gradle\caches\modules-2\files-2.1\org.apache.tomcat.embed\tomcat-embed-websocket\10.1.19\adf4710fac2471236f8a466ca678cdf7e6a8257c\tomcat-embed-websocket-10.1.19.jar;C:\Users\3030742\.gradle\caches\modules-2\files-2.1\org.apache.tomcat.embed\tomcat-embed-core\10.1.19\3dbbca8acbd4dd6a137c3d6f934a2931512b42ce\tomcat-embed-core-10.1.19.jar;C:\Users\3030742\.gradle\caches\modules-2\files-2.1\io.micrometer\micrometer-commons\1.12.3\83add2dda5cdc811fefb83e858c7412a176fe5b1\micrometer-commons-1.12.3.jar;C:\Users\3030742\.gradle\caches\modules-2\files-2.1\org.springframework\spring-jcl\6.1.4\a244bd674a5431dfdce68d28cdf857104e6fff67\spring-jcl-6.1.4.jar;C:\Users\3030742\.gradle\caches\modules-2\files-2.1\org.springframework.security\spring-security-crypto\6.2.2\bd1b47ce6593b4d66a1f12e023b59dacc00db00a\spring-security-crypto-6.2.2.jar;C:\Users\3030742\.gradle\caches\modules-2\files-2.1\org.attoparser\attoparser\2.0.7.RELEASE\e5d0e988d9124139d645bb5872b24dfa23e283cc\attoparser-2.0.7.RELEASE.jar;C:\Users\3030742\.gradle\caches\modules-2\files-2.1\org.unbescape\unbescape\1.1.6.RELEASE\7b90360afb2b860e09e8347112800d12c12b2a13\unbescape-1.1.6.RELEASE.jar;C:\Users\3030742\.gradle\caches\modules-2\files-2.1\ch.qos.logback\logback-core\1.4.14\4d3c2248219ac0effeb380ed4c5280a80bf395e8\logback-core-1.4.14.jar;C:\Users\3030742\.gradle\caches\modules-2\files-2.1\org.apache.logging.log4j\log4j-api\2.21.1\74c65e87b9ce1694a01524e192d7be989ba70486\log4j-api-2.21.1.jar;C:\Users\3030742\.gradle\caches\modules-2\files-2.1\org.springframework.boot\spring-boot-devtools\3.2.3\b474cd30a54aae2152ff6bc8a31378ee40237407\spring-boot-devtools-3.2.3.jar;C:\Users\3030742\.gradle\caches\modules-2\files-2.1\org.postgresql\postgresql\42.6.1\aded708fdd722a277ebce49c29c3c6fa0703420\postgresql-42.6.1.jar;C:\Users\3030742\.gradle\caches\modules-2\files-2.1\org.checkerframework\checker-qual\3.31.0\eeefd4af42e2f4221d145c1791582f91868f99ab\checker-qual-3.31.0.jar;C:\Users\3030742\.gradle\caches\modules-2\files-2.1\org.hibernate.common\hibernate-commons-annotations\6.0.6.Final\77a5f94b56d49508e0ee334751db5b78e5ccd50c\hibernate-commons-annotations-6.0.6.Final.jar;C:\Users\3030742\.gradle\caches\modules-2\files-2.1\io.smallrye\jandex\3.1.2\a6c1c89925c7df06242b03dddb353116ceb9584c\jandex-3.1.2.jar;C:\Users\3030742\.gradle\caches\modules-2\files-2.1\net.bytebuddy\byte-buddy\1.14.12\6e37f743dc15a8d7a4feb3eb0025cbc612d5b9e1\byte-buddy-1.14.12.jar;C:\Users\3030742\.gradle\caches\modules-2\files-2.1\org.glassfish.jaxb\jaxb-runtime\4.0.4\7180c50ef8bd127bb1dd645458b906cffcf6c2b5\jaxb-runtime-4.0.4.jar;C:\Users\3030742\.gradle\caches\modules-2\files-2.1\org.glassfish.jaxb\jaxb-core\4.0.4\2d5aadd02af86f1e9d8c6f7e8501673f915d4e25\jaxb-core-4.0.4.jar;C:\Users\3030742\.gradle\caches\modules-2\files-2.1\jakarta.xml.bind\jakarta.xml.bind-api\4.0.1\ca2330866cbc624c7e5ce982e121db1125d23e15\jakarta.xml.bind-api-4.0.1.jar;C:\Users\3030742\.gradle\caches\modules-2\files-2.1\jakarta.inject\jakarta.inject-api\2.0.1\4c28afe1991a941d7702fe1362c365f0a8641d1e\jakarta.inject-api-2.0.1.jar;C:\Users\3030742\.gradle\caches\modules-2\files-2.1\org.eclipse.angus\angus-activation\2.0.1\eaafaf4eb71b400e4136fc3a286f50e34a68ecb7\angus-activation-2.0.1.jar;C:\Users\3030742\.gradle\caches\modules-2\files-2.1\jakarta.activation\jakarta.activation-api\2.1.2\640c0d5aff45dbff1e1a1bc09673ff3a02b1ba12\jakarta.activation-api-2.1.2.jar;C:\Users\3030742\.gradle\caches\modules-2\files-2.1\org.hdrhistogram\HdrHistogram\2.1.12\6eb7552156e0d517ae80cc2247be1427c8d90452\HdrHistogram-2.1.12.jar;C:\Users\3030742\.gradle\caches\modules-2\files-2.1\org.latencyutils\LatencyUtils\2.0.3\769c0b82cb2421c8256300e907298a9410a2a3d3\LatencyUtils-2.0.3.jar;C:\Users\3030742\.gradle\caches\modules-2\files-2.1\org.glassfish.jaxb\txw2\4.0.4\cfd2bcf08782673ac370694fdf2cf76dbaa607ef\txw2-4.0.4.jar;C:\Users\3030742\.gradle\caches\modules-2\files-2.1\com.sun.istack\istack-commons-runtime\4.1.2\18ec117c85f3ba0ac65409136afa8e42bc74e739\istack-commons-runtime-4.1.2.jar
Launcher Type: SUN_STANDARD

[Global flags]
     intx CICompilerCount                          = 4                                         {product} {ergonomic}
     uint ConcGCThreads                            = 2                                         {product} {ergonomic}
     uint G1ConcRefinementThreads                  = 8                                         {product} {ergonomic}
   size_t G1HeapRegionSize                         = 1048576                                   {product} {ergonomic}
    uintx GCDrainStackTargetSize                   = 64                                        {product} {ergonomic}
   size_t InitialHeapSize                          = 132120576                                 {product} {ergonomic}
     bool ManagementServer                         = true                                      {product} {command line}
   size_t MarkStackSize                            = 4194304                                   {product} {ergonomic}
   size_t MaxHeapSize                              = 2090860544                                {product} {ergonomic}
   size_t MaxNewSize                               = 1254096896                                {product} {ergonomic}
   size_t MinHeapDeltaBytes                        = 1048576                                   {product} {ergonomic}
   size_t MinHeapSize                              = 8388608                                   {product} {ergonomic}
    uintx NonNMethodCodeHeapSize                   = 4096                                   {pd product} {ergonomic}
    uintx NonProfiledCodeHeapSize                  = 0                                      {pd product} {ergonomic}
     bool ProfileInterpreter                       = false                                  {pd product} {command line}
    uintx ProfiledCodeHeapSize                     = 0                                      {pd product} {ergonomic}
     bool ShowCodeDetailsInExceptionMessages       = true                                   {manageable} {command line}
   size_t SoftMaxHeapSize                          = 2090860544                             {manageable} {ergonomic}
     intx TieredStopAtLevel                        = 1                                         {product} {command line}
     bool UseCompressedOops                        = true                           {product lp64_product} {ergonomic}
     bool UseG1GC                                  = true                                      {product} {ergonomic}
     bool UseLargePagesIndividualAllocation        = false                                  {pd product} {ergonomic}

Logging:
Log output configuration:
 #0: stdout all=warning uptime,level,tags foldmultilines=false
 #1: stderr all=off uptime,level,tags foldmultilines=false

Environment Variables:
PATH=C:/pleiades/2023-09/eclipse//plugins/org.eclipse.justj.openjdk.hotspot.jre.full.win32.x86_64_17.0.10.v20240120-1143/jre/bin/server;C:/pleiades/2023-09/eclipse//plugins/org.eclipse.justj.openjdk.hotspot.jre.full.win32.x86_64_17.0.10.v20240120-1143/jre/bin;C:\WINDOWS\system32;C:\WINDOWS;C:\WINDOWS\System32\Wbem;C:\WINDOWS\System32\WindowsPowerShell\v1.0\;C:\WINDOWS\System32\OpenSSH\;C:\Users\3030742\AppData\Local\Microsoft\WindowsApps;;C:\pleiades\2023-09\eclipse;
USERNAME=3030742
OS=Windows_NT
PROCESSOR_IDENTIFIER=Intel64 Family 6 Model 126 Stepping 5, GenuineIntel
TMP=C:\Users\3030742\AppData\Local\Temp
TEMP=C:\Users\3030742\AppData\Local\Temp




---------------  S Y S T E M  ---------------

OS:
 Windows 11 , 64 bit Build 22621 (10.0.22621.3235)
OS uptime: 1 days 5:42 hours

CPU: total 8 (initial active 8) (4 cores per cpu, 2 threads per core) family 6 model 126 stepping 5 microcode 0xa6, cx8, cmov, fxsr, ht, mmx, 3dnowpref, sse, sse2, sse3, ssse3, sse4.1, sse4.2, popcnt, lzcnt, tsc, tscinvbit, avx, avx2, aes, erms, clmul, bmi1, bmi2, adx, avx512f, avx512dq, avx512cd, avx512bw, avx512vl, sha, fma, vzeroupper, avx512_vpopcntdq, avx512_vpclmulqdq, avx512_vaes, avx512_vnni, clflush, clflushopt, avx512_vbmi2, avx512_vbmi, rdtscp, rdpid, fsrm, gfni, avx512_bitalg, f16c, pku, avx512_ifma
Processor Information for all 8 processors :
  Max Mhz: 1190, Current Mhz: 991, Mhz Limit: 987

Memory: 4k page, system-wide physical 7973M (2340M free)
TotalPageFile size 10098M (AvailPageFile size 3181M)
current process WorkingSet (physical memory assigned to process): 339M, peak: 339M
current process commit charge ("private bytes"): 380M, peak: 393M

vm_info: OpenJDK 64-Bit Server VM (21-beta+35-ea) for windows-amd64 JRE (21-beta+35-ea), built on 2023-09-04 21:31:52 by "admin" with MS VC++ 16.10 / 16.11 (VS2019)

END.
